The system is: Linux - 3.8.0-30-generic - x86_64
Compiling the C compiler identification source file "CMakeCCompilerId.c" succeeded.
Compiler: /usr/bin/gcc 
Build flags: 
Id flags: 

The output was:
0


Compilation of the C compiler identification source "CMakeCCompilerId.c" produced "a.out"

The C compiler identification is GNU, found in "/home/sandesh/work-sandesh/raspberry-pi-app/src/CMakeFiles/CompilerIdC/a.out"

Compiling the CXX compiler identification source file "CMakeCXXCompilerId.cpp" succeeded.
Compiler: /usr/bin/c++ 
Build flags: 
Id flags: 

The output was:
0


Compilation of the CXX compiler identification source "CMakeCXXCompilerId.cpp" produced "a.out"

The CXX compiler identification is GNU, found in "/home/sandesh/work-sandesh/raspberry-pi-app/src/CMakeFiles/CompilerIdCXX/a.out"

Determining if the C compiler works passed with the following output:
Change Dir: /home/sandesh/work-sandesh/raspberry-pi-app/src/CMakeFiles/CMakeTmp

Run Build Command:/usr/bin/make "cmTryCompileExec/fast"
/usr/bin/make -f CMakeFiles/cmTryCompileExec.dir/build.make CMakeFiles/cmTryCompileExec.dir/build
make[1]: Entering directory `/home/sandesh/work-sandesh/raspberry-pi-app/src/CMakeFiles/CMakeTmp'
/usr/bin/cmake -E cmake_progress_report /home/sandesh/work-sandesh/raspberry-pi-app/src/CMakeFiles/CMakeTmp/CMakeFiles 1
Building C object CMakeFiles/cmTryCompileExec.dir/testCCompiler.c.o
/usr/bin/gcc    -o CMakeFiles/cmTryCompileExec.dir/testCCompiler.c.o   -c /home/sandesh/work-sandesh/raspberry-pi-app/src/CMakeFiles/CMakeTmp/testCCompiler.c
Linking C executable cmTryCompileExec
/usr/bin/cmake -E cmake_link_script CMakeFiles/cmTryCompileExec.dir/link.txt --verbose=1
/usr/bin/gcc         CMakeFiles/cmTryCompileExec.dir/testCCompiler.c.o  -o cmTryCompileExec -rdynamic 
make[1]: Leaving directory `/home/sandesh/work-sandesh/raspberry-pi-app/src/CMakeFiles/CMakeTmp'


Detecting C compiler ABI info compiled with the following output:
Change Dir: /home/sandesh/work-sandesh/raspberry-pi-app/src/CMakeFiles/CMakeTmp

Run Build Command:/usr/bin/make "cmTryCompileExec/fast"
/usr/bin/make -f CMakeFiles/cmTryCompileExec.dir/build.make CMakeFiles/cmTryCompileExec.dir/build
make[1]: Entering directory `/home/sandesh/work-sandesh/raspberry-pi-app/src/CMakeFiles/CMakeTmp'
/usr/bin/cmake -E cmake_progress_report /home/sandesh/work-sandesh/raspberry-pi-app/src/CMakeFiles/CMakeTmp/CMakeFiles 1
Building C object CMakeFiles/cmTryCompileExec.dir/CMakeCCompilerABI.c.o
/usr/bin/gcc    -o CMakeFiles/cmTryCompileExec.dir/CMakeCCompilerABI.c.o   -c /usr/share/cmake-2.8/Modules/CMakeCCompilerABI.c
Linking C executable cmTryCompileExec
/usr/bin/cmake -E cmake_link_script CMakeFiles/cmTryCompileExec.dir/link.txt --verbose=1
/usr/bin/gcc       -v CMakeFiles/cmTryCompileExec.dir/CMakeCCompilerABI.c.o  -o cmTryCompileExec -rdynamic  
Using built-in specs.
COLLECT_GCC=/usr/bin/gcc
COLLECT_LTO_WRAPPER=/usr/lib/gcc/x86_64-linux-gnu/4.6/lto-wrapper
Target: x86_64-linux-gnu
Configured with: ../src/configure -v --with-pkgversion='Ubuntu/Linaro 4.6.3-1ubuntu5' --with-bugurl=file:///usr/share/doc/gcc-4.6/README.Bugs --enable-languages=c,c++,fortran,objc,obj-c++ --prefix=/usr --program-suffix=-4.6 --enable-shared --enable-linker-build-id --with-system-zlib --libexecdir=/usr/lib --without-included-gettext --enable-threads=posix --with-gxx-include-dir=/usr/include/c++/4.6 --libdir=/usr/lib --enable-nls --with-sysroot=/ --enable-clocale=gnu --enable-libstdcxx-debug --enable-libstdcxx-time=yes --enable-gnu-unique-object --enable-plugin --enable-objc-gc --disable-werror --with-arch-32=i686 --with-tune=generic --enable-checking=release --build=x86_64-linux-gnu --host=x86_64-linux-gnu --target=x86_64-linux-gnu
Thread model: posix
gcc version 4.6.3 (Ubuntu/Linaro 4.6.3-1ubuntu5) 
COMPILER_PATH=/usr/lib/gcc/x86_64-linux-gnu/4.6/:/usr/lib/gcc/x86_64-linux-gnu/4.6/:/usr/lib/gcc/x86_64-linux-gnu/:/usr/lib/gcc/x86_64-linux-gnu/4.6/:/usr/lib/gcc/x86_64-linux-gnu/
LIBRARY_PATH=/usr/lib/gcc/x86_64-linux-gnu/4.6/:/usr/lib/gcc/x86_64-linux-gnu/4.6/../../../x86_64-linux-gnu/:/usr/lib/gcc/x86_64-linux-gnu/4.6/../../../../lib/:/lib/x86_64-linux-gnu/:/lib/../lib/:/usr/lib/x86_64-linux-gnu/:/usr/lib/../lib/:/usr/lib/gcc/x86_64-linux-gnu/4.6/../../../:/lib/:/usr/lib/
COLLECT_GCC_OPTIONS='-v' '-o' 'cmTryCompileExec' '-rdynamic' '-mtune=generic' '-march=x86-64'
 /usr/lib/gcc/x86_64-linux-gnu/4.6/collect2 --sysroot=/ --build-id --no-add-needed --as-needed --eh-frame-hdr -m elf_x86_64 --hash-style=gnu -export-dynamic -dynamic-linker /lib64/ld-linux-x86-64.so.2 -z relro -o cmTryCompileExec /usr/lib/gcc/x86_64-linux-gnu/4.6/../../../x86_64-linux-gnu/crt1.o /usr/lib/gcc/x86_64-linux-gnu/4.6/../../../x86_64-linux-gnu/crti.o /usr/lib/gcc/x86_64-linux-gnu/4.6/crtbegin.o -L/usr/lib/gcc/x86_64-linux-gnu/4.6 -L/usr/lib/gcc/x86_64-linux-gnu/4.6/../../../x86_64-linux-gnu -L/usr/lib/gcc/x86_64-linux-gnu/4.6/../../../../lib -L/lib/x86_64-linux-gnu -L/lib/../lib -L/usr/lib/x86_64-linux-gnu -L/usr/lib/../lib -L/usr/lib/gcc/x86_64-linux-gnu/4.6/../../.. CMakeFiles/cmTryCompileExec.dir/CMakeCCompilerABI.c.o -lgcc --as-needed -lgcc_s --no-as-needed -lc -lgcc --as-needed -lgcc_s --no-as-needed /usr/lib/gcc/x86_64-linux-gnu/4.6/crtend.o /usr/lib/gcc/x86_64-linux-gnu/4.6/../../../x86_64-linux-gnu/crtn.o
make[1]: Leaving directory `/home/sandesh/work-sandesh/raspberry-pi-app/src/CMakeFiles/CMakeTmp'


Parsed C implicit link information from above output:
  link line regex: [^( *|.*[/\])(ld|ld|collect2)[^/\]*( |$)]
  ignore line: [Change Dir: /home/sandesh/work-sandesh/raspberry-pi-app/src/CMakeFiles/CMakeTmp]
  ignore line: []
  ignore line: [Run Build Command:/usr/bin/make "cmTryCompileExec/fast"]
  ignore line: [/usr/bin/make -f CMakeFiles/cmTryCompileExec.dir/build.make CMakeFiles/cmTryCompileExec.dir/build]
  ignore line: [make[1]: Entering directory `/home/sandesh/work-sandesh/raspberry-pi-app/src/CMakeFiles/CMakeTmp']
  ignore line: [/usr/bin/cmake -E cmake_progress_report /home/sandesh/work-sandesh/raspberry-pi-app/src/CMakeFiles/CMakeTmp/CMakeFiles 1]
  ignore line: [Building C object CMakeFiles/cmTryCompileExec.dir/CMakeCCompilerABI.c.o]
  ignore line: [/usr/bin/gcc    -o CMakeFiles/cmTryCompileExec.dir/CMakeCCompilerABI.c.o   -c /usr/share/cmake-2.8/Modules/CMakeCCompilerABI.c]
  ignore line: [Linking C executable cmTryCompileExec]
  ignore line: [/usr/bin/cmake -E cmake_link_script CMakeFiles/cmTryCompileExec.dir/link.txt --verbose=1]
  ignore line: [/usr/bin/gcc       -v CMakeFiles/cmTryCompileExec.dir/CMakeCCompilerABI.c.o  -o cmTryCompileExec -rdynamic  ]
  ignore line: [Using built-in specs.]
  ignore line: [COLLECT_GCC=/usr/bin/gcc]
  ignore line: [COLLECT_LTO_WRAPPER=/usr/lib/gcc/x86_64-linux-gnu/4.6/lto-wrapper]
  ignore line: [Target: x86_64-linux-gnu]
  ignore line: [Configured with: ../src/configure -v --with-pkgversion='Ubuntu/Linaro 4.6.3-1ubuntu5' --with-bugurl=file:///usr/share/doc/gcc-4.6/README.Bugs --enable-languages=c,c++,fortran,objc,obj-c++ --prefix=/usr --program-suffix=-4.6 --enable-shared --enable-linker-build-id --with-system-zlib --libexecdir=/usr/lib --without-included-gettext --enable-threads=posix --with-gxx-include-dir=/usr/include/c++/4.6 --libdir=/usr/lib --enable-nls --with-sysroot=/ --enable-clocale=gnu --enable-libstdcxx-debug --enable-libstdcxx-time=yes --enable-gnu-unique-object --enable-plugin --enable-objc-gc --disable-werror --with-arch-32=i686 --with-tune=generic --enable-checking=release --build=x86_64-linux-gnu --host=x86_64-linux-gnu --target=x86_64-linux-gnu]
  ignore line: [Thread model: posix]
  ignore line: [gcc version 4.6.3 (Ubuntu/Linaro 4.6.3-1ubuntu5) ]
  ignore line: [COMPILER_PATH=/usr/lib/gcc/x86_64-linux-gnu/4.6/:/usr/lib/gcc/x86_64-linux-gnu/4.6/:/usr/lib/gcc/x86_64-linux-gnu/:/usr/lib/gcc/x86_64-linux-gnu/4.6/:/usr/lib/gcc/x86_64-linux-gnu/]
  ignore line: [LIBRARY_PATH=/usr/lib/gcc/x86_64-linux-gnu/4.6/:/usr/lib/gcc/x86_64-linux-gnu/4.6/../../../x86_64-linux-gnu/:/usr/lib/gcc/x86_64-linux-gnu/4.6/../../../../lib/:/lib/x86_64-linux-gnu/:/lib/../lib/:/usr/lib/x86_64-linux-gnu/:/usr/lib/../lib/:/usr/lib/gcc/x86_64-linux-gnu/4.6/../../../:/lib/:/usr/lib/]
  ignore line: [COLLECT_GCC_OPTIONS='-v' '-o' 'cmTryCompileExec' '-rdynamic' '-mtune=generic' '-march=x86-64']
  link line: [ /usr/lib/gcc/x86_64-linux-gnu/4.6/collect2 --sysroot=/ --build-id --no-add-needed --as-needed --eh-frame-hdr -m elf_x86_64 --hash-style=gnu -export-dynamic -dynamic-linker /lib64/ld-linux-x86-64.so.2 -z relro -o cmTryCompileExec /usr/lib/gcc/x86_64-linux-gnu/4.6/../../../x86_64-linux-gnu/crt1.o /usr/lib/gcc/x86_64-linux-gnu/4.6/../../../x86_64-linux-gnu/crti.o /usr/lib/gcc/x86_64-linux-gnu/4.6/crtbegin.o -L/usr/lib/gcc/x86_64-linux-gnu/4.6 -L/usr/lib/gcc/x86_64-linux-gnu/4.6/../../../x86_64-linux-gnu -L/usr/lib/gcc/x86_64-linux-gnu/4.6/../../../../lib -L/lib/x86_64-linux-gnu -L/lib/../lib -L/usr/lib/x86_64-linux-gnu -L/usr/lib/../lib -L/usr/lib/gcc/x86_64-linux-gnu/4.6/../../.. CMakeFiles/cmTryCompileExec.dir/CMakeCCompilerABI.c.o -lgcc --as-needed -lgcc_s --no-as-needed -lc -lgcc --as-needed -lgcc_s --no-as-needed /usr/lib/gcc/x86_64-linux-gnu/4.6/crtend.o /usr/lib/gcc/x86_64-linux-gnu/4.6/../../../x86_64-linux-gnu/crtn.o]
    arg [/usr/lib/gcc/x86_64-linux-gnu/4.6/collect2] ==> ignore
    arg [--sysroot=/] ==> ignore
    arg [--build-id] ==> ignore
    arg [--no-add-needed] ==> ignore
    arg [--as-needed] ==> ignore
    arg [--eh-frame-hdr] ==> ignore
    arg [-m] ==> ignore
    arg [elf_x86_64] ==> ignore
    arg [--hash-style=gnu] ==> ignore
    arg [-export-dynamic] ==> ignore
    arg [-dynamic-linker] ==> ignore
    arg [/lib64/ld-linux-x86-64.so.2] ==> ignore
    arg [-zrelro] ==> ignore
    arg [-o] ==> ignore
    arg [cmTryCompileExec] ==> ignore
    arg [/usr/lib/gcc/x86_64-linux-gnu/4.6/../../../x86_64-linux-gnu/crt1.o] ==> ignore
    arg [/usr/lib/gcc/x86_64-linux-gnu/4.6/../../../x86_64-linux-gnu/crti.o] ==> ignore
    arg [/usr/lib/gcc/x86_64-linux-gnu/4.6/crtbegin.o] ==> ignore
    arg [-L/usr/lib/gcc/x86_64-linux-gnu/4.6] ==> dir [/usr/lib/gcc/x86_64-linux-gnu/4.6]
    arg [-L/usr/lib/gcc/x86_64-linux-gnu/4.6/../../../x86_64-linux-gnu] ==> dir [/usr/lib/gcc/x86_64-linux-gnu/4.6/../../../x86_64-linux-gnu]
    arg [-L/usr/lib/gcc/x86_64-linux-gnu/4.6/../../../../lib] ==> dir [/usr/lib/gcc/x86_64-linux-gnu/4.6/../../../../lib]
    arg [-L/lib/x86_64-linux-gnu] ==> dir [/lib/x86_64-linux-gnu]
    arg [-L/lib/../lib] ==> dir [/lib/../lib]
    arg [-L/usr/lib/x86_64-linux-gnu] ==> dir [/usr/lib/x86_64-linux-gnu]
    arg [-L/usr/lib/../lib] ==> dir [/usr/lib/../lib]
    arg [-L/usr/lib/gcc/x86_64-linux-gnu/4.6/../../..] ==> dir [/usr/lib/gcc/x86_64-linux-gnu/4.6/../../..]
    arg [CMakeFiles/cmTryCompileExec.dir/CMakeCCompilerABI.c.o] ==> ignore
    arg [-lgcc] ==> lib [gcc]
    arg [--as-needed] ==> ignore
    arg [-lgcc_s] ==> lib [gcc_s]
    arg [--no-as-needed] ==> ignore
    arg [-lc] ==> lib [c]
    arg [-lgcc] ==> lib [gcc]
    arg [--as-needed] ==> ignore
    arg [-lgcc_s] ==> lib [gcc_s]
    arg [--no-as-needed] ==> ignore
    arg [/usr/lib/gcc/x86_64-linux-gnu/4.6/crtend.o] ==> ignore
    arg [/usr/lib/gcc/x86_64-linux-gnu/4.6/../../../x86_64-linux-gnu/crtn.o] ==> ignore
  remove lib [gcc]
  remove lib [gcc_s]
  remove lib [gcc]
  remove lib [gcc_s]
  collapse dir [/usr/lib/gcc/x86_64-linux-gnu/4.6] ==> [/usr/lib/gcc/x86_64-linux-gnu/4.6]
  collapse dir [/usr/lib/gcc/x86_64-linux-gnu/4.6/../../../x86_64-linux-gnu] ==> [/usr/lib/x86_64-linux-gnu]
  collapse dir [/usr/lib/gcc/x86_64-linux-gnu/4.6/../../../../lib] ==> [/usr/lib]
  collapse dir [/lib/x86_64-linux-gnu] ==> [/lib/x86_64-linux-gnu]
  collapse dir [/lib/../lib] ==> [/lib]
  collapse dir [/usr/lib/x86_64-linux-gnu] ==> [/usr/lib/x86_64-linux-gnu]
  collapse dir [/usr/lib/../lib] ==> [/usr/lib]
  collapse dir [/usr/lib/gcc/x86_64-linux-gnu/4.6/../../..] ==> [/usr/lib]
  implicit libs: [c]
  implicit dirs: [/usr/lib/gcc/x86_64-linux-gnu/4.6;/usr/lib/x86_64-linux-gnu;/usr/lib;/lib/x86_64-linux-gnu;/lib]


Determining if the CXX compiler works passed with the following output:
Change Dir: /home/sandesh/work-sandesh/raspberry-pi-app/src/CMakeFiles/CMakeTmp

Run Build Command:/usr/bin/make "cmTryCompileExec/fast"
/usr/bin/make -f CMakeFiles/cmTryCompileExec.dir/build.make CMakeFiles/cmTryCompileExec.dir/build
make[1]: Entering directory `/home/sandesh/work-sandesh/raspberry-pi-app/src/CMakeFiles/CMakeTmp'
/usr/bin/cmake -E cmake_progress_report /home/sandesh/work-sandesh/raspberry-pi-app/src/CMakeFiles/CMakeTmp/CMakeFiles 1
Building CXX object CMakeFiles/cmTryCompileExec.dir/testCXXCompiler.cxx.o
/usr/bin/c++     -o CMakeFiles/cmTryCompileExec.dir/testCXXCompiler.cxx.o -c /home/sandesh/work-sandesh/raspberry-pi-app/src/CMakeFiles/CMakeTmp/testCXXCompiler.cxx
Linking CXX executable cmTryCompileExec
/usr/bin/cmake -E cmake_link_script CMakeFiles/cmTryCompileExec.dir/link.txt --verbose=1
/usr/bin/c++          CMakeFiles/cmTryCompileExec.dir/testCXXCompiler.cxx.o  -o cmTryCompileExec -rdynamic 
make[1]: Leaving directory `/home/sandesh/work-sandesh/raspberry-pi-app/src/CMakeFiles/CMakeTmp'


Detecting CXX compiler ABI info compiled with the following output:
Change Dir: /home/sandesh/work-sandesh/raspberry-pi-app/src/CMakeFiles/CMakeTmp

Run Build Command:/usr/bin/make "cmTryCompileExec/fast"
/usr/bin/make -f CMakeFiles/cmTryCompileExec.dir/build.make CMakeFiles/cmTryCompileExec.dir/build
make[1]: Entering directory `/home/sandesh/work-sandesh/raspberry-pi-app/src/CMakeFiles/CMakeTmp'
/usr/bin/cmake -E cmake_progress_report /home/sandesh/work-sandesh/raspberry-pi-app/src/CMakeFiles/CMakeTmp/CMakeFiles 1
Building CXX object CMakeFiles/cmTryCompileExec.dir/CMakeCXXCompilerABI.cpp.o
/usr/bin/c++     -o CMakeFiles/cmTryCompileExec.dir/CMakeCXXCompilerABI.cpp.o -c /usr/share/cmake-2.8/Modules/CMakeCXXCompilerABI.cpp
Linking CXX executable cmTryCompileExec
/usr/bin/cmake -E cmake_link_script CMakeFiles/cmTryCompileExec.dir/link.txt --verbose=1
/usr/bin/c++        -v CMakeFiles/cmTryCompileExec.dir/CMakeCXXCompilerABI.cpp.o  -o cmTryCompileExec -rdynamic  
Using built-in specs.
COLLECT_GCC=/usr/bin/c++
COLLECT_LTO_WRAPPER=/usr/lib/gcc/x86_64-linux-gnu/4.6/lto-wrapper
Target: x86_64-linux-gnu
Configured with: ../src/configure -v --with-pkgversion='Ubuntu/Linaro 4.6.3-1ubuntu5' --with-bugurl=file:///usr/share/doc/gcc-4.6/README.Bugs --enable-languages=c,c++,fortran,objc,obj-c++ --prefix=/usr --program-suffix=-4.6 --enable-shared --enable-linker-build-id --with-system-zlib --libexecdir=/usr/lib --without-included-gettext --enable-threads=posix --with-gxx-include-dir=/usr/include/c++/4.6 --libdir=/usr/lib --enable-nls --with-sysroot=/ --enable-clocale=gnu --enable-libstdcxx-debug --enable-libstdcxx-time=yes --enable-gnu-unique-object --enable-plugin --enable-objc-gc --disable-werror --with-arch-32=i686 --with-tune=generic --enable-checking=release --build=x86_64-linux-gnu --host=x86_64-linux-gnu --target=x86_64-linux-gnu
Thread model: posix
gcc version 4.6.3 (Ubuntu/Linaro 4.6.3-1ubuntu5) 
COMPILER_PATH=/usr/lib/gcc/x86_64-linux-gnu/4.6/:/usr/lib/gcc/x86_64-linux-gnu/4.6/:/usr/lib/gcc/x86_64-linux-gnu/:/usr/lib/gcc/x86_64-linux-gnu/4.6/:/usr/lib/gcc/x86_64-linux-gnu/
LIBRARY_PATH=/usr/lib/gcc/x86_64-linux-gnu/4.6/:/usr/lib/gcc/x86_64-linux-gnu/4.6/../../../x86_64-linux-gnu/:/usr/lib/gcc/x86_64-linux-gnu/4.6/../../../../lib/:/lib/x86_64-linux-gnu/:/lib/../lib/:/usr/lib/x86_64-linux-gnu/:/usr/lib/../lib/:/usr/lib/gcc/x86_64-linux-gnu/4.6/../../../:/lib/:/usr/lib/
COLLECT_GCC_OPTIONS='-v' '-o' 'cmTryCompileExec' '-rdynamic' '-shared-libgcc' '-mtune=generic' '-march=x86-64'
 /usr/lib/gcc/x86_64-linux-gnu/4.6/collect2 --sysroot=/ --build-id --no-add-needed --as-needed --eh-frame-hdr -m elf_x86_64 --hash-style=gnu -export-dynamic -dynamic-linker /lib64/ld-linux-x86-64.so.2 -z relro -o cmTryCompileExec /usr/lib/gcc/x86_64-linux-gnu/4.6/../../../x86_64-linux-gnu/crt1.o /usr/lib/gcc/x86_64-linux-gnu/4.6/../../../x86_64-linux-gnu/crti.o /usr/lib/gcc/x86_64-linux-gnu/4.6/crtbegin.o -L/usr/lib/gcc/x86_64-linux-gnu/4.6 -L/usr/lib/gcc/x86_64-linux-gnu/4.6/../../../x86_64-linux-gnu -L/usr/lib/gcc/x86_64-linux-gnu/4.6/../../../../lib -L/lib/x86_64-linux-gnu -L/lib/../lib -L/usr/lib/x86_64-linux-gnu -L/usr/lib/../lib -L/usr/lib/gcc/x86_64-linux-gnu/4.6/../../.. CMakeFiles/cmTryCompileExec.dir/CMakeCXXCompilerABI.cpp.o -lstdc++ -lm -lgcc_s -lgcc -lc -lgcc_s -lgcc /usr/lib/gcc/x86_64-linux-gnu/4.6/crtend.o /usr/lib/gcc/x86_64-linux-gnu/4.6/../../../x86_64-linux-gnu/crtn.o
make[1]: Leaving directory `/home/sandesh/work-sandesh/raspberry-pi-app/src/CMakeFiles/CMakeTmp'


Parsed CXX implicit link information from above output:
  link line regex: [^( *|.*[/\])(ld|ld|collect2)[^/\]*( |$)]
  ignore line: [Change Dir: /home/sandesh/work-sandesh/raspberry-pi-app/src/CMakeFiles/CMakeTmp]
  ignore line: []
  ignore line: [Run Build Command:/usr/bin/make "cmTryCompileExec/fast"]
  ignore line: [/usr/bin/make -f CMakeFiles/cmTryCompileExec.dir/build.make CMakeFiles/cmTryCompileExec.dir/build]
  ignore line: [make[1]: Entering directory `/home/sandesh/work-sandesh/raspberry-pi-app/src/CMakeFiles/CMakeTmp']
  ignore line: [/usr/bin/cmake -E cmake_progress_report /home/sandesh/work-sandesh/raspberry-pi-app/src/CMakeFiles/CMakeTmp/CMakeFiles 1]
  ignore line: [Building CXX object CMakeFiles/cmTryCompileExec.dir/CMakeCXXCompilerABI.cpp.o]
  ignore line: [/usr/bin/c++     -o CMakeFiles/cmTryCompileExec.dir/CMakeCXXCompilerABI.cpp.o -c /usr/share/cmake-2.8/Modules/CMakeCXXCompilerABI.cpp]
  ignore line: [Linking CXX executable cmTryCompileExec]
  ignore line: [/usr/bin/cmake -E cmake_link_script CMakeFiles/cmTryCompileExec.dir/link.txt --verbose=1]
  ignore line: [/usr/bin/c++        -v CMakeFiles/cmTryCompileExec.dir/CMakeCXXCompilerABI.cpp.o  -o cmTryCompileExec -rdynamic  ]
  ignore line: [Using built-in specs.]
  ignore line: [COLLECT_GCC=/usr/bin/c++]
  ignore line: [COLLECT_LTO_WRAPPER=/usr/lib/gcc/x86_64-linux-gnu/4.6/lto-wrapper]
  ignore line: [Target: x86_64-linux-gnu]
  ignore line: [Configured with: ../src/configure -v --with-pkgversion='Ubuntu/Linaro 4.6.3-1ubuntu5' --with-bugurl=file:///usr/share/doc/gcc-4.6/README.Bugs --enable-languages=c,c++,fortran,objc,obj-c++ --prefix=/usr --program-suffix=-4.6 --enable-shared --enable-linker-build-id --with-system-zlib --libexecdir=/usr/lib --without-included-gettext --enable-threads=posix --with-gxx-include-dir=/usr/include/c++/4.6 --libdir=/usr/lib --enable-nls --with-sysroot=/ --enable-clocale=gnu --enable-libstdcxx-debug --enable-libstdcxx-time=yes --enable-gnu-unique-object --enable-plugin --enable-objc-gc --disable-werror --with-arch-32=i686 --with-tune=generic --enable-checking=release --build=x86_64-linux-gnu --host=x86_64-linux-gnu --target=x86_64-linux-gnu]
  ignore line: [Thread model: posix]
  ignore line: [gcc version 4.6.3 (Ubuntu/Linaro 4.6.3-1ubuntu5) ]
  ignore line: [COMPILER_PATH=/usr/lib/gcc/x86_64-linux-gnu/4.6/:/usr/lib/gcc/x86_64-linux-gnu/4.6/:/usr/lib/gcc/x86_64-linux-gnu/:/usr/lib/gcc/x86_64-linux-gnu/4.6/:/usr/lib/gcc/x86_64-linux-gnu/]
  ignore line: [LIBRARY_PATH=/usr/lib/gcc/x86_64-linux-gnu/4.6/:/usr/lib/gcc/x86_64-linux-gnu/4.6/../../../x86_64-linux-gnu/:/usr/lib/gcc/x86_64-linux-gnu/4.6/../../../../lib/:/lib/x86_64-linux-gnu/:/lib/../lib/:/usr/lib/x86_64-linux-gnu/:/usr/lib/../lib/:/usr/lib/gcc/x86_64-linux-gnu/4.6/../../../:/lib/:/usr/lib/]
  ignore line: [COLLECT_GCC_OPTIONS='-v' '-o' 'cmTryCompileExec' '-rdynamic' '-shared-libgcc' '-mtune=generic' '-march=x86-64']
  link line: [ /usr/lib/gcc/x86_64-linux-gnu/4.6/collect2 --sysroot=/ --build-id --no-add-needed --as-needed --eh-frame-hdr -m elf_x86_64 --hash-style=gnu -export-dynamic -dynamic-linker /lib64/ld-linux-x86-64.so.2 -z relro -o cmTryCompileExec /usr/lib/gcc/x86_64-linux-gnu/4.6/../../../x86_64-linux-gnu/crt1.o /usr/lib/gcc/x86_64-linux-gnu/4.6/../../../x86_64-linux-gnu/crti.o /usr/lib/gcc/x86_64-linux-gnu/4.6/crtbegin.o -L/usr/lib/gcc/x86_64-linux-gnu/4.6 -L/usr/lib/gcc/x86_64-linux-gnu/4.6/../../../x86_64-linux-gnu -L/usr/lib/gcc/x86_64-linux-gnu/4.6/../../../../lib -L/lib/x86_64-linux-gnu -L/lib/../lib -L/usr/lib/x86_64-linux-gnu -L/usr/lib/../lib -L/usr/lib/gcc/x86_64-linux-gnu/4.6/../../.. CMakeFiles/cmTryCompileExec.dir/CMakeCXXCompilerABI.cpp.o -lstdc++ -lm -lgcc_s -lgcc -lc -lgcc_s -lgcc /usr/lib/gcc/x86_64-linux-gnu/4.6/crtend.o /usr/lib/gcc/x86_64-linux-gnu/4.6/../../../x86_64-linux-gnu/crtn.o]
    arg [/usr/lib/gcc/x86_64-linux-gnu/4.6/collect2] ==> ignore
    arg [--sysroot=/] ==> ignore
    arg [--build-id] ==> ignore
    arg [--no-add-needed] ==> ignore
    arg [--as-needed] ==> ignore
    arg [--eh-frame-hdr] ==> ignore
    arg [-m] ==> ignore
    arg [elf_x86_64] ==> ignore
    arg [--hash-style=gnu] ==> ignore
    arg [-export-dynamic] ==> ignore
    arg [-dynamic-linker] ==> ignore
    arg [/lib64/ld-linux-x86-64.so.2] ==> ignore
    arg [-zrelro] ==> ignore
    arg [-o] ==> ignore
    arg [cmTryCompileExec] ==> ignore
    arg [/usr/lib/gcc/x86_64-linux-gnu/4.6/../../../x86_64-linux-gnu/crt1.o] ==> ignore
    arg [/usr/lib/gcc/x86_64-linux-gnu/4.6/../../../x86_64-linux-gnu/crti.o] ==> ignore
    arg [/usr/lib/gcc/x86_64-linux-gnu/4.6/crtbegin.o] ==> ignore
    arg [-L/usr/lib/gcc/x86_64-linux-gnu/4.6] ==> dir [/usr/lib/gcc/x86_64-linux-gnu/4.6]
    arg [-L/usr/lib/gcc/x86_64-linux-gnu/4.6/../../../x86_64-linux-gnu] ==> dir [/usr/lib/gcc/x86_64-linux-gnu/4.6/../../../x86_64-linux-gnu]
    arg [-L/usr/lib/gcc/x86_64-linux-gnu/4.6/../../../../lib] ==> dir [/usr/lib/gcc/x86_64-linux-gnu/4.6/../../../../lib]
    arg [-L/lib/x86_64-linux-gnu] ==> dir [/lib/x86_64-linux-gnu]
    arg [-L/lib/../lib] ==> dir [/lib/../lib]
    arg [-L/usr/lib/x86_64-linux-gnu] ==> dir [/usr/lib/x86_64-linux-gnu]
    arg [-L/usr/lib/../lib] ==> dir [/usr/lib/../lib]
    arg [-L/usr/lib/gcc/x86_64-linux-gnu/4.6/../../..] ==> dir [/usr/lib/gcc/x86_64-linux-gnu/4.6/../../..]
    arg [CMakeFiles/cmTryCompileExec.dir/CMakeCXXCompilerABI.cpp.o] ==> ignore
    arg [-lstdc++] ==> lib [stdc++]
    arg [-lm] ==> lib [m]
    arg [-lgcc_s] ==> lib [gcc_s]
    arg [-lgcc] ==> lib [gcc]
    arg [-lc] ==> lib [c]
    arg [-lgcc_s] ==> lib [gcc_s]
    arg [-lgcc] ==> lib [gcc]
    arg [/usr/lib/gcc/x86_64-linux-gnu/4.6/crtend.o] ==> ignore
    arg [/usr/lib/gcc/x86_64-linux-gnu/4.6/../../../x86_64-linux-gnu/crtn.o] ==> ignore
  remove lib [gcc_s]
  remove lib [gcc]
  remove lib [gcc_s]
  remove lib [gcc]
  collapse dir [/usr/lib/gcc/x86_64-linux-gnu/4.6] ==> [/usr/lib/gcc/x86_64-linux-gnu/4.6]
  collapse dir [/usr/lib/gcc/x86_64-linux-gnu/4.6/../../../x86_64-linux-gnu] ==> [/usr/lib/x86_64-linux-gnu]
  collapse dir [/usr/lib/gcc/x86_64-linux-gnu/4.6/../../../../lib] ==> [/usr/lib]
  collapse dir [/lib/x86_64-linux-gnu] ==> [/lib/x86_64-linux-gnu]
  collapse dir [/lib/../lib] ==> [/lib]
  collapse dir [/usr/lib/x86_64-linux-gnu] ==> [/usr/lib/x86_64-linux-gnu]
  collapse dir [/usr/lib/../lib] ==> [/usr/lib]
  collapse dir [/usr/lib/gcc/x86_64-linux-gnu/4.6/../../..] ==> [/usr/lib]
  implicit libs: [stdc++;m;c]
  implicit dirs: [/usr/lib/gcc/x86_64-linux-gnu/4.6;/usr/lib/x86_64-linux-gnu;/usr/lib;/lib/x86_64-linux-gnu;/lib]


The target system is: Linux - 1 - 
The host system is: Linux - 3.8.0-30-generic - x86_64
Compiling the C compiler identification source file "CMakeCCompilerId.c" succeeded.
Compiler: /opt/rp/cc/bin/arm-buildroot-linux-uclibcgnueabi-gcc 
Build flags: 
Id flags: 

The output was:
0


Compilation of the C compiler identification source "CMakeCCompilerId.c" produced "a.out"

The C compiler identification is GNU, found in "/home/sandesh/work-sandesh/raspberry-pi-app/src/CMakeFiles/CompilerIdC/a.out"

Compiling the CXX compiler identification source file "CMakeCXXCompilerId.cpp" succeeded.
Compiler: /opt/rp/cc/bin/arm-buildroot-linux-uclibcgnueabi-g++ 
Build flags: 
Id flags: 

The output was:
0


Compilation of the CXX compiler identification source "CMakeCXXCompilerId.cpp" produced "a.out"

The CXX compiler identification is GNU, found in "/home/sandesh/work-sandesh/raspberry-pi-app/src/CMakeFiles/CompilerIdCXX/a.out"

Determining if the C compiler works passed with the following output:
Change Dir: /home/sandesh/work-sandesh/raspberry-pi-app/src/CMakeFiles/CMakeTmp

Run Build Command:/usr/bin/make "cmTryCompileExec/fast"
make[1]: Entering directory `/home/sandesh/work-sandesh/raspberry-pi-app/src/CMakeFiles/CMakeTmp'
/usr/bin/make -f CMakeFiles/cmTryCompileExec.dir/build.make CMakeFiles/cmTryCompileExec.dir/build
make[2]: Entering directory `/home/sandesh/work-sandesh/raspberry-pi-app/src/CMakeFiles/CMakeTmp'
/usr/bin/cmake -E cmake_progress_report /home/sandesh/work-sandesh/raspberry-pi-app/src/CMakeFiles/CMakeTmp/CMakeFiles 1
Building C object CMakeFiles/cmTryCompileExec.dir/testCCompiler.c.o
/opt/rp/cc/bin/arm-buildroot-linux-uclibcgnueabi-gcc    -o CMakeFiles/cmTryCompileExec.dir/testCCompiler.c.o   -c /home/sandesh/work-sandesh/raspberry-pi-app/src/CMakeFiles/CMakeTmp/testCCompiler.c
Linking C executable cmTryCompileExec
/usr/bin/cmake -E cmake_link_script CMakeFiles/cmTryCompileExec.dir/link.txt --verbose=1
/opt/rp/cc/bin/arm-buildroot-linux-uclibcgnueabi-gcc         CMakeFiles/cmTryCompileExec.dir/testCCompiler.c.o  -o cmTryCompileExec -rdynamic 
make[2]: Leaving directory `/home/sandesh/work-sandesh/raspberry-pi-app/src/CMakeFiles/CMakeTmp'
make[1]: Leaving directory `/home/sandesh/work-sandesh/raspberry-pi-app/src/CMakeFiles/CMakeTmp'


Detecting C compiler ABI info compiled with the following output:
Change Dir: /home/sandesh/work-sandesh/raspberry-pi-app/src/CMakeFiles/CMakeTmp

Run Build Command:/usr/bin/make "cmTryCompileExec/fast"
make[1]: Entering directory `/home/sandesh/work-sandesh/raspberry-pi-app/src/CMakeFiles/CMakeTmp'
/usr/bin/make -f CMakeFiles/cmTryCompileExec.dir/build.make CMakeFiles/cmTryCompileExec.dir/build
make[2]: Entering directory `/home/sandesh/work-sandesh/raspberry-pi-app/src/CMakeFiles/CMakeTmp'
/usr/bin/cmake -E cmake_progress_report /home/sandesh/work-sandesh/raspberry-pi-app/src/CMakeFiles/CMakeTmp/CMakeFiles 1
Building C object CMakeFiles/cmTryCompileExec.dir/CMakeCCompilerABI.c.o
/opt/rp/cc/bin/arm-buildroot-linux-uclibcgnueabi-gcc    -o CMakeFiles/cmTryCompileExec.dir/CMakeCCompilerABI.c.o   -c /usr/share/cmake-2.8/Modules/CMakeCCompilerABI.c
Linking C executable cmTryCompileExec
/usr/bin/cmake -E cmake_link_script CMakeFiles/cmTryCompileExec.dir/link.txt --verbose=1
/opt/rp/cc/bin/arm-buildroot-linux-uclibcgnueabi-gcc       -v CMakeFiles/cmTryCompileExec.dir/CMakeCCompilerABI.c.o  -o cmTryCompileExec -rdynamic  
Using built-in specs.
COLLECT_GCC=/opt/rp/cc/bin/arm-buildroot-linux-uclibcgnueabi-gcc
COLLECT_LTO_WRAPPER=/opt/rp/cc/bin/../libexec/gcc/arm-buildroot-linux-uclibcgnueabi/4.7.3/lto-wrapper
Target: arm-buildroot-linux-uclibcgnueabi
Configured with: ./configure --prefix=/home/sandesh/work-sandesh/raspberry-pi-looma/output/host/usr --sysconfdir=/home/sandesh/work-sandesh/raspberry-pi-looma/output/host/etc --enable-shared --disable-static --disable-gtk-doc --disable-doc --disable-docs --disable-documentation --with-xmlto=no --with-fop=no --target=arm-buildroot-linux-uclibcgnueabi --with-sysroot=/home/sandesh/work-sandesh/raspberry-pi-looma/output/host/usr/arm-buildroot-linux-uclibcgnueabi/sysroot --disable-__cxa_atexit --with-gnu-ld --disable-libssp --disable-multilib --with-gmp=/home/sandesh/work-sandesh/raspberry-pi-looma/output/host/usr --with-mpfr=/home/sandesh/work-sandesh/raspberry-pi-looma/output/host/usr --enable-target-optspace --disable-libquadmath --enable-tls --enable-threads --with-mpc=/home/sandesh/work-sandesh/raspberry-pi-looma/output/host/usr --disable-decimal-float --with-arch=armv6zk --with-tune=arm1176jzf-s --with-abi=aapcs-linux --with-fpu=vfp --with-float=softfp --with-mode=arm --with-pkgversion='Buildroot 2013.08-git-gd3d57cf' --with-bugurl=http://bugs.buildroot.net/ --enable-languages=c,c++ --with-build-time-tools=/home/sandesh/work-sandesh/raspberry-pi-looma/output/host/usr/arm-buildroot-linux-uclibcgnueabi/bin --disable-libgomp
Thread model: posix
gcc version 4.7.3 (Buildroot 2013.08-git-gd3d57cf) 
COMPILER_PATH=/opt/rp/cc/bin/../libexec/gcc/arm-buildroot-linux-uclibcgnueabi/4.7.3/:/opt/rp/cc/bin/../libexec/gcc/:/opt/rp/cc/bin/../lib/gcc/arm-buildroot-linux-uclibcgnueabi/4.7.3/../../../../arm-buildroot-linux-uclibcgnueabi/bin/
LIBRARY_PATH=/opt/rp/cc/bin/../lib/gcc/arm-buildroot-linux-uclibcgnueabi/4.7.3/:/opt/rp/cc/bin/../lib/gcc/:/opt/rp/cc/bin/../lib/gcc/arm-buildroot-linux-uclibcgnueabi/4.7.3/../../../../arm-buildroot-linux-uclibcgnueabi/lib/:/opt/rp/cc/bin/../arm-buildroot-linux-uclibcgnueabi/sysroot/lib/:/opt/rp/cc/bin/../arm-buildroot-linux-uclibcgnueabi/sysroot/usr/lib/
COLLECT_GCC_OPTIONS='-v' '-o' 'cmTryCompileExec' '-rdynamic' '-march=armv6zk' '-mtune=arm1176jzf-s' '-mfloat-abi=softfp' '-mfpu=vfp' '-mabi=aapcs-linux' '-marm' '-mtls-dialect=gnu'
 /opt/rp/cc/bin/../libexec/gcc/arm-buildroot-linux-uclibcgnueabi/4.7.3/collect2 --sysroot=/opt/rp/cc/bin/../arm-buildroot-linux-uclibcgnueabi/sysroot --eh-frame-hdr -export-dynamic -dynamic-linker /lib/ld-uClibc.so.0 -X -m armelf_linux_eabi -o cmTryCompileExec /opt/rp/cc/bin/../arm-buildroot-linux-uclibcgnueabi/sysroot/usr/lib/crt1.o /opt/rp/cc/bin/../arm-buildroot-linux-uclibcgnueabi/sysroot/usr/lib/crti.o /opt/rp/cc/bin/../lib/gcc/arm-buildroot-linux-uclibcgnueabi/4.7.3/crtbegin.o -L/opt/rp/cc/bin/../lib/gcc/arm-buildroot-linux-uclibcgnueabi/4.7.3 -L/opt/rp/cc/bin/../lib/gcc -L/opt/rp/cc/bin/../lib/gcc/arm-buildroot-linux-uclibcgnueabi/4.7.3/../../../../arm-buildroot-linux-uclibcgnueabi/lib -L/opt/rp/cc/bin/../arm-buildroot-linux-uclibcgnueabi/sysroot/lib -L/opt/rp/cc/bin/../arm-buildroot-linux-uclibcgnueabi/sysroot/usr/lib CMakeFiles/cmTryCompileExec.dir/CMakeCCompilerABI.c.o -lgcc --as-needed -lgcc_s --no-as-needed -lc -lgcc --as-needed -lgcc_s --no-as-needed /opt/rp/cc/bin/../lib/gcc/arm-buildroot-linux-uclibcgnueabi/4.7.3/crtend.o /opt/rp/cc/bin/../arm-buildroot-linux-uclibcgnueabi/sysroot/usr/lib/crtn.o
make[2]: Leaving directory `/home/sandesh/work-sandesh/raspberry-pi-app/src/CMakeFiles/CMakeTmp'
make[1]: Leaving directory `/home/sandesh/work-sandesh/raspberry-pi-app/src/CMakeFiles/CMakeTmp'


Parsed C implicit link information from above output:
  link line regex: [^( *|.*[/\])(arm-buildroot-linux-uclibcgnueabi-ld|ld|collect2)[^/\]*( |$)]
  ignore line: [Change Dir: /home/sandesh/work-sandesh/raspberry-pi-app/src/CMakeFiles/CMakeTmp]
  ignore line: []
  ignore line: [Run Build Command:/usr/bin/make "cmTryCompileExec/fast"]
  ignore line: [make[1]: Entering directory `/home/sandesh/work-sandesh/raspberry-pi-app/src/CMakeFiles/CMakeTmp']
  ignore line: [/usr/bin/make -f CMakeFiles/cmTryCompileExec.dir/build.make CMakeFiles/cmTryCompileExec.dir/build]
  ignore line: [make[2]: Entering directory `/home/sandesh/work-sandesh/raspberry-pi-app/src/CMakeFiles/CMakeTmp']
  ignore line: [/usr/bin/cmake -E cmake_progress_report /home/sandesh/work-sandesh/raspberry-pi-app/src/CMakeFiles/CMakeTmp/CMakeFiles 1]
  ignore line: [Building C object CMakeFiles/cmTryCompileExec.dir/CMakeCCompilerABI.c.o]
  ignore line: [/opt/rp/cc/bin/arm-buildroot-linux-uclibcgnueabi-gcc    -o CMakeFiles/cmTryCompileExec.dir/CMakeCCompilerABI.c.o   -c /usr/share/cmake-2.8/Modules/CMakeCCompilerABI.c]
  ignore line: [Linking C executable cmTryCompileExec]
  ignore line: [/usr/bin/cmake -E cmake_link_script CMakeFiles/cmTryCompileExec.dir/link.txt --verbose=1]
  ignore line: [/opt/rp/cc/bin/arm-buildroot-linux-uclibcgnueabi-gcc       -v CMakeFiles/cmTryCompileExec.dir/CMakeCCompilerABI.c.o  -o cmTryCompileExec -rdynamic  ]
  ignore line: [Using built-in specs.]
  ignore line: [COLLECT_GCC=/opt/rp/cc/bin/arm-buildroot-linux-uclibcgnueabi-gcc]
  ignore line: [COLLECT_LTO_WRAPPER=/opt/rp/cc/bin/../libexec/gcc/arm-buildroot-linux-uclibcgnueabi/4.7.3/lto-wrapper]
  ignore line: [Target: arm-buildroot-linux-uclibcgnueabi]
  ignore line: [Configured with: ./configure --prefix=/home/sandesh/work-sandesh/raspberry-pi-looma/output/host/usr --sysconfdir=/home/sandesh/work-sandesh/raspberry-pi-looma/output/host/etc --enable-shared --disable-static --disable-gtk-doc --disable-doc --disable-docs --disable-documentation --with-xmlto=no --with-fop=no --target=arm-buildroot-linux-uclibcgnueabi --with-sysroot=/home/sandesh/work-sandesh/raspberry-pi-looma/output/host/usr/arm-buildroot-linux-uclibcgnueabi/sysroot --disable-__cxa_atexit --with-gnu-ld --disable-libssp --disable-multilib --with-gmp=/home/sandesh/work-sandesh/raspberry-pi-looma/output/host/usr --with-mpfr=/home/sandesh/work-sandesh/raspberry-pi-looma/output/host/usr --enable-target-optspace --disable-libquadmath --enable-tls --enable-threads --with-mpc=/home/sandesh/work-sandesh/raspberry-pi-looma/output/host/usr --disable-decimal-float --with-arch=armv6zk --with-tune=arm1176jzf-s --with-abi=aapcs-linux --with-fpu=vfp --with-float=softfp --with-mode=arm --with-pkgversion='Buildroot 2013.08-git-gd3d57cf' --with-bugurl=http://bugs.buildroot.net/ --enable-languages=c,c++ --with-build-time-tools=/home/sandesh/work-sandesh/raspberry-pi-looma/output/host/usr/arm-buildroot-linux-uclibcgnueabi/bin --disable-libgomp]
  ignore line: [Thread model: posix]
  ignore line: [gcc version 4.7.3 (Buildroot 2013.08-git-gd3d57cf) ]
  ignore line: [COMPILER_PATH=/opt/rp/cc/bin/../libexec/gcc/arm-buildroot-linux-uclibcgnueabi/4.7.3/:/opt/rp/cc/bin/../libexec/gcc/:/opt/rp/cc/bin/../lib/gcc/arm-buildroot-linux-uclibcgnueabi/4.7.3/../../../../arm-buildroot-linux-uclibcgnueabi/bin/]
  ignore line: [LIBRARY_PATH=/opt/rp/cc/bin/../lib/gcc/arm-buildroot-linux-uclibcgnueabi/4.7.3/:/opt/rp/cc/bin/../lib/gcc/:/opt/rp/cc/bin/../lib/gcc/arm-buildroot-linux-uclibcgnueabi/4.7.3/../../../../arm-buildroot-linux-uclibcgnueabi/lib/:/opt/rp/cc/bin/../arm-buildroot-linux-uclibcgnueabi/sysroot/lib/:/opt/rp/cc/bin/../arm-buildroot-linux-uclibcgnueabi/sysroot/usr/lib/]
  ignore line: [COLLECT_GCC_OPTIONS='-v' '-o' 'cmTryCompileExec' '-rdynamic' '-march=armv6zk' '-mtune=arm1176jzf-s' '-mfloat-abi=softfp' '-mfpu=vfp' '-mabi=aapcs-linux' '-marm' '-mtls-dialect=gnu']
  link line: [ /opt/rp/cc/bin/../libexec/gcc/arm-buildroot-linux-uclibcgnueabi/4.7.3/collect2 --sysroot=/opt/rp/cc/bin/../arm-buildroot-linux-uclibcgnueabi/sysroot --eh-frame-hdr -export-dynamic -dynamic-linker /lib/ld-uClibc.so.0 -X -m armelf_linux_eabi -o cmTryCompileExec /opt/rp/cc/bin/../arm-buildroot-linux-uclibcgnueabi/sysroot/usr/lib/crt1.o /opt/rp/cc/bin/../arm-buildroot-linux-uclibcgnueabi/sysroot/usr/lib/crti.o /opt/rp/cc/bin/../lib/gcc/arm-buildroot-linux-uclibcgnueabi/4.7.3/crtbegin.o -L/opt/rp/cc/bin/../lib/gcc/arm-buildroot-linux-uclibcgnueabi/4.7.3 -L/opt/rp/cc/bin/../lib/gcc -L/opt/rp/cc/bin/../lib/gcc/arm-buildroot-linux-uclibcgnueabi/4.7.3/../../../../arm-buildroot-linux-uclibcgnueabi/lib -L/opt/rp/cc/bin/../arm-buildroot-linux-uclibcgnueabi/sysroot/lib -L/opt/rp/cc/bin/../arm-buildroot-linux-uclibcgnueabi/sysroot/usr/lib CMakeFiles/cmTryCompileExec.dir/CMakeCCompilerABI.c.o -lgcc --as-needed -lgcc_s --no-as-needed -lc -lgcc --as-needed -lgcc_s --no-as-needed /opt/rp/cc/bin/../lib/gcc/arm-buildroot-linux-uclibcgnueabi/4.7.3/crtend.o /opt/rp/cc/bin/../arm-buildroot-linux-uclibcgnueabi/sysroot/usr/lib/crtn.o]
    arg [/opt/rp/cc/bin/../libexec/gcc/arm-buildroot-linux-uclibcgnueabi/4.7.3/collect2] ==> ignore
    arg [--sysroot=/opt/rp/cc/bin/../arm-buildroot-linux-uclibcgnueabi/sysroot] ==> ignore
    arg [--eh-frame-hdr] ==> ignore
    arg [-export-dynamic] ==> ignore
    arg [-dynamic-linker] ==> ignore
    arg [/lib/ld-uClibc.so.0] ==> ignore
    arg [-X] ==> ignore
    arg [-m] ==> ignore
    arg [armelf_linux_eabi] ==> ignore
    arg [-o] ==> ignore
    arg [cmTryCompileExec] ==> ignore
    arg [/opt/rp/cc/bin/../arm-buildroot-linux-uclibcgnueabi/sysroot/usr/lib/crt1.o] ==> ignore
    arg [/opt/rp/cc/bin/../arm-buildroot-linux-uclibcgnueabi/sysroot/usr/lib/crti.o] ==> ignore
    arg [/opt/rp/cc/bin/../lib/gcc/arm-buildroot-linux-uclibcgnueabi/4.7.3/crtbegin.o] ==> ignore
    arg [-L/opt/rp/cc/bin/../lib/gcc/arm-buildroot-linux-uclibcgnueabi/4.7.3] ==> dir [/opt/rp/cc/bin/../lib/gcc/arm-buildroot-linux-uclibcgnueabi/4.7.3]
    arg [-L/opt/rp/cc/bin/../lib/gcc] ==> dir [/opt/rp/cc/bin/../lib/gcc]
    arg [-L/opt/rp/cc/bin/../lib/gcc/arm-buildroot-linux-uclibcgnueabi/4.7.3/../../../../arm-buildroot-linux-uclibcgnueabi/lib] ==> dir [/opt/rp/cc/bin/../lib/gcc/arm-buildroot-linux-uclibcgnueabi/4.7.3/../../../../arm-buildroot-linux-uclibcgnueabi/lib]
    arg [-L/opt/rp/cc/bin/../arm-buildroot-linux-uclibcgnueabi/sysroot/lib] ==> dir [/opt/rp/cc/bin/../arm-buildroot-linux-uclibcgnueabi/sysroot/lib]
    arg [-L/opt/rp/cc/bin/../arm-buildroot-linux-uclibcgnueabi/sysroot/usr/lib] ==> dir [/opt/rp/cc/bin/../arm-buildroot-linux-uclibcgnueabi/sysroot/usr/lib]
    arg [CMakeFiles/cmTryCompileExec.dir/CMakeCCompilerABI.c.o] ==> ignore
    arg [-lgcc] ==> lib [gcc]
    arg [--as-needed] ==> ignore
    arg [-lgcc_s] ==> lib [gcc_s]
    arg [--no-as-needed] ==> ignore
    arg [-lc] ==> lib [c]
    arg [-lgcc] ==> lib [gcc]
    arg [--as-needed] ==> ignore
    arg [-lgcc_s] ==> lib [gcc_s]
    arg [--no-as-needed] ==> ignore
    arg [/opt/rp/cc/bin/../lib/gcc/arm-buildroot-linux-uclibcgnueabi/4.7.3/crtend.o] ==> ignore
    arg [/opt/rp/cc/bin/../arm-buildroot-linux-uclibcgnueabi/sysroot/usr/lib/crtn.o] ==> ignore
  remove lib [gcc]
  remove lib [gcc_s]
  remove lib [gcc]
  remove lib [gcc_s]
  collapse dir [/opt/rp/cc/bin/../lib/gcc/arm-buildroot-linux-uclibcgnueabi/4.7.3] ==> [/opt/rp/cc/lib/gcc/arm-buildroot-linux-uclibcgnueabi/4.7.3]
  collapse dir [/opt/rp/cc/bin/../lib/gcc] ==> [/opt/rp/cc/lib/gcc]
  collapse dir [/opt/rp/cc/bin/../lib/gcc/arm-buildroot-linux-uclibcgnueabi/4.7.3/../../../../arm-buildroot-linux-uclibcgnueabi/lib] ==> [/opt/rp/cc/arm-buildroot-linux-uclibcgnueabi/lib]
  collapse dir [/opt/rp/cc/bin/../arm-buildroot-linux-uclibcgnueabi/sysroot/lib] ==> [/opt/rp/cc/arm-buildroot-linux-uclibcgnueabi/sysroot/lib]
  collapse dir [/opt/rp/cc/bin/../arm-buildroot-linux-uclibcgnueabi/sysroot/usr/lib] ==> [/opt/rp/cc/arm-buildroot-linux-uclibcgnueabi/sysroot/usr/lib]
  implicit libs: [c]
  implicit dirs: [/opt/rp/cc/lib/gcc/arm-buildroot-linux-uclibcgnueabi/4.7.3;/opt/rp/cc/lib/gcc;/opt/rp/cc/arm-buildroot-linux-uclibcgnueabi/lib;/opt/rp/cc/arm-buildroot-linux-uclibcgnueabi/sysroot/lib;/opt/rp/cc/arm-buildroot-linux-uclibcgnueabi/sysroot/usr/lib]


Determining if the CXX compiler works passed with the following output:
Change Dir: /home/sandesh/work-sandesh/raspberry-pi-app/src/CMakeFiles/CMakeTmp

Run Build Command:/usr/bin/make "cmTryCompileExec/fast"
make[1]: Entering directory `/home/sandesh/work-sandesh/raspberry-pi-app/src/CMakeFiles/CMakeTmp'
/usr/bin/make -f CMakeFiles/cmTryCompileExec.dir/build.make CMakeFiles/cmTryCompileExec.dir/build
make[2]: Entering directory `/home/sandesh/work-sandesh/raspberry-pi-app/src/CMakeFiles/CMakeTmp'
/usr/bin/cmake -E cmake_progress_report /home/sandesh/work-sandesh/raspberry-pi-app/src/CMakeFiles/CMakeTmp/CMakeFiles 1
Building CXX object CMakeFiles/cmTryCompileExec.dir/testCXXCompiler.cxx.o
/opt/rp/cc/bin/arm-buildroot-linux-uclibcgnueabi-g++     -o CMakeFiles/cmTryCompileExec.dir/testCXXCompiler.cxx.o -c /home/sandesh/work-sandesh/raspberry-pi-app/src/CMakeFiles/CMakeTmp/testCXXCompiler.cxx
Linking CXX executable cmTryCompileExec
/usr/bin/cmake -E cmake_link_script CMakeFiles/cmTryCompileExec.dir/link.txt --verbose=1
/opt/rp/cc/bin/arm-buildroot-linux-uclibcgnueabi-g++          CMakeFiles/cmTryCompileExec.dir/testCXXCompiler.cxx.o  -o cmTryCompileExec -rdynamic 
make[2]: Leaving directory `/home/sandesh/work-sandesh/raspberry-pi-app/src/CMakeFiles/CMakeTmp'
make[1]: Leaving directory `/home/sandesh/work-sandesh/raspberry-pi-app/src/CMakeFiles/CMakeTmp'


Detecting CXX compiler ABI info compiled with the following output:
Change Dir: /home/sandesh/work-sandesh/raspberry-pi-app/src/CMakeFiles/CMakeTmp

Run Build Command:/usr/bin/make "cmTryCompileExec/fast"
make[1]: Entering directory `/home/sandesh/work-sandesh/raspberry-pi-app/src/CMakeFiles/CMakeTmp'
/usr/bin/make -f CMakeFiles/cmTryCompileExec.dir/build.make CMakeFiles/cmTryCompileExec.dir/build
make[2]: Entering directory `/home/sandesh/work-sandesh/raspberry-pi-app/src/CMakeFiles/CMakeTmp'
/usr/bin/cmake -E cmake_progress_report /home/sandesh/work-sandesh/raspberry-pi-app/src/CMakeFiles/CMakeTmp/CMakeFiles 1
Building CXX object CMakeFiles/cmTryCompileExec.dir/CMakeCXXCompilerABI.cpp.o
/opt/rp/cc/bin/arm-buildroot-linux-uclibcgnueabi-g++     -o CMakeFiles/cmTryCompileExec.dir/CMakeCXXCompilerABI.cpp.o -c /usr/share/cmake-2.8/Modules/CMakeCXXCompilerABI.cpp
Linking CXX executable cmTryCompileExec
/usr/bin/cmake -E cmake_link_script CMakeFiles/cmTryCompileExec.dir/link.txt --verbose=1
/opt/rp/cc/bin/arm-buildroot-linux-uclibcgnueabi-g++        -v CMakeFiles/cmTryCompileExec.dir/CMakeCXXCompilerABI.cpp.o  -o cmTryCompileExec -rdynamic  
Using built-in specs.
COLLECT_GCC=/opt/rp/cc/bin/arm-buildroot-linux-uclibcgnueabi-g++
COLLECT_LTO_WRAPPER=/opt/rp/cc/bin/../libexec/gcc/arm-buildroot-linux-uclibcgnueabi/4.7.3/lto-wrapper
Target: arm-buildroot-linux-uclibcgnueabi
Configured with: ./configure --prefix=/home/sandesh/work-sandesh/raspberry-pi-looma/output/host/usr --sysconfdir=/home/sandesh/work-sandesh/raspberry-pi-looma/output/host/etc --enable-shared --disable-static --disable-gtk-doc --disable-doc --disable-docs --disable-documentation --with-xmlto=no --with-fop=no --target=arm-buildroot-linux-uclibcgnueabi --with-sysroot=/home/sandesh/work-sandesh/raspberry-pi-looma/output/host/usr/arm-buildroot-linux-uclibcgnueabi/sysroot --disable-__cxa_atexit --with-gnu-ld --disable-libssp --disable-multilib --with-gmp=/home/sandesh/work-sandesh/raspberry-pi-looma/output/host/usr --with-mpfr=/home/sandesh/work-sandesh/raspberry-pi-looma/output/host/usr --enable-target-optspace --disable-libquadmath --enable-tls --enable-threads --with-mpc=/home/sandesh/work-sandesh/raspberry-pi-looma/output/host/usr --disable-decimal-float --with-arch=armv6zk --with-tune=arm1176jzf-s --with-abi=aapcs-linux --with-fpu=vfp --with-float=softfp --with-mode=arm --with-pkgversion='Buildroot 2013.08-git-gd3d57cf' --with-bugurl=http://bugs.buildroot.net/ --enable-languages=c,c++ --with-build-time-tools=/home/sandesh/work-sandesh/raspberry-pi-looma/output/host/usr/arm-buildroot-linux-uclibcgnueabi/bin --disable-libgomp
Thread model: posix
gcc version 4.7.3 (Buildroot 2013.08-git-gd3d57cf) 
COMPILER_PATH=/opt/rp/cc/bin/../libexec/gcc/arm-buildroot-linux-uclibcgnueabi/4.7.3/:/opt/rp/cc/bin/../libexec/gcc/:/opt/rp/cc/bin/../lib/gcc/arm-buildroot-linux-uclibcgnueabi/4.7.3/../../../../arm-buildroot-linux-uclibcgnueabi/bin/
LIBRARY_PATH=/opt/rp/cc/bin/../lib/gcc/arm-buildroot-linux-uclibcgnueabi/4.7.3/:/opt/rp/cc/bin/../lib/gcc/:/opt/rp/cc/bin/../lib/gcc/arm-buildroot-linux-uclibcgnueabi/4.7.3/../../../../arm-buildroot-linux-uclibcgnueabi/lib/:/opt/rp/cc/bin/../arm-buildroot-linux-uclibcgnueabi/sysroot/lib/:/opt/rp/cc/bin/../arm-buildroot-linux-uclibcgnueabi/sysroot/usr/lib/
COLLECT_GCC_OPTIONS='-v' '-o' 'cmTryCompileExec' '-rdynamic' '-shared-libgcc' '-march=armv6zk' '-mtune=arm1176jzf-s' '-mfloat-abi=softfp' '-mfpu=vfp' '-mabi=aapcs-linux' '-marm' '-mtls-dialect=gnu'
 /opt/rp/cc/bin/../libexec/gcc/arm-buildroot-linux-uclibcgnueabi/4.7.3/collect2 --sysroot=/opt/rp/cc/bin/../arm-buildroot-linux-uclibcgnueabi/sysroot --eh-frame-hdr -export-dynamic -dynamic-linker /lib/ld-uClibc.so.0 -X -m armelf_linux_eabi -o cmTryCompileExec /opt/rp/cc/bin/../arm-buildroot-linux-uclibcgnueabi/sysroot/usr/lib/crt1.o /opt/rp/cc/bin/../arm-buildroot-linux-uclibcgnueabi/sysroot/usr/lib/crti.o /opt/rp/cc/bin/../lib/gcc/arm-buildroot-linux-uclibcgnueabi/4.7.3/crtbegin.o -L/opt/rp/cc/bin/../lib/gcc/arm-buildroot-linux-uclibcgnueabi/4.7.3 -L/opt/rp/cc/bin/../lib/gcc -L/opt/rp/cc/bin/../lib/gcc/arm-buildroot-linux-uclibcgnueabi/4.7.3/../../../../arm-buildroot-linux-uclibcgnueabi/lib -L/opt/rp/cc/bin/../arm-buildroot-linux-uclibcgnueabi/sysroot/lib -L/opt/rp/cc/bin/../arm-buildroot-linux-uclibcgnueabi/sysroot/usr/lib CMakeFiles/cmTryCompileExec.dir/CMakeCXXCompilerABI.cpp.o -lstdc++ -lm -lgcc_s -lgcc -lc -lgcc_s -lgcc /opt/rp/cc/bin/../lib/gcc/arm-buildroot-linux-uclibcgnueabi/4.7.3/crtend.o /opt/rp/cc/bin/../arm-buildroot-linux-uclibcgnueabi/sysroot/usr/lib/crtn.o
make[2]: Leaving directory `/home/sandesh/work-sandesh/raspberry-pi-app/src/CMakeFiles/CMakeTmp'
make[1]: Leaving directory `/home/sandesh/work-sandesh/raspberry-pi-app/src/CMakeFiles/CMakeTmp'


Parsed CXX implicit link information from above output:
  link line regex: [^( *|.*[/\])(arm-buildroot-linux-uclibcgnueabi-ld|ld|collect2)[^/\]*( |$)]
  ignore line: [Change Dir: /home/sandesh/work-sandesh/raspberry-pi-app/src/CMakeFiles/CMakeTmp]
  ignore line: []
  ignore line: [Run Build Command:/usr/bin/make "cmTryCompileExec/fast"]
  ignore line: [make[1]: Entering directory `/home/sandesh/work-sandesh/raspberry-pi-app/src/CMakeFiles/CMakeTmp']
  ignore line: [/usr/bin/make -f CMakeFiles/cmTryCompileExec.dir/build.make CMakeFiles/cmTryCompileExec.dir/build]
  ignore line: [make[2]: Entering directory `/home/sandesh/work-sandesh/raspberry-pi-app/src/CMakeFiles/CMakeTmp']
  ignore line: [/usr/bin/cmake -E cmake_progress_report /home/sandesh/work-sandesh/raspberry-pi-app/src/CMakeFiles/CMakeTmp/CMakeFiles 1]
  ignore line: [Building CXX object CMakeFiles/cmTryCompileExec.dir/CMakeCXXCompilerABI.cpp.o]
  ignore line: [/opt/rp/cc/bin/arm-buildroot-linux-uclibcgnueabi-g++     -o CMakeFiles/cmTryCompileExec.dir/CMakeCXXCompilerABI.cpp.o -c /usr/share/cmake-2.8/Modules/CMakeCXXCompilerABI.cpp]
  ignore line: [Linking CXX executable cmTryCompileExec]
  ignore line: [/usr/bin/cmake -E cmake_link_script CMakeFiles/cmTryCompileExec.dir/link.txt --verbose=1]
  ignore line: [/opt/rp/cc/bin/arm-buildroot-linux-uclibcgnueabi-g++        -v CMakeFiles/cmTryCompileExec.dir/CMakeCXXCompilerABI.cpp.o  -o cmTryCompileExec -rdynamic  ]
  ignore line: [Using built-in specs.]
  ignore line: [COLLECT_GCC=/opt/rp/cc/bin/arm-buildroot-linux-uclibcgnueabi-g++]
  ignore line: [COLLECT_LTO_WRAPPER=/opt/rp/cc/bin/../libexec/gcc/arm-buildroot-linux-uclibcgnueabi/4.7.3/lto-wrapper]
  ignore line: [Target: arm-buildroot-linux-uclibcgnueabi]
  ignore line: [Configured with: ./configure --prefix=/home/sandesh/work-sandesh/raspberry-pi-looma/output/host/usr --sysconfdir=/home/sandesh/work-sandesh/raspberry-pi-looma/output/host/etc --enable-shared --disable-static --disable-gtk-doc --disable-doc --disable-docs --disable-documentation --with-xmlto=no --with-fop=no --target=arm-buildroot-linux-uclibcgnueabi --with-sysroot=/home/sandesh/work-sandesh/raspberry-pi-looma/output/host/usr/arm-buildroot-linux-uclibcgnueabi/sysroot --disable-__cxa_atexit --with-gnu-ld --disable-libssp --disable-multilib --with-gmp=/home/sandesh/work-sandesh/raspberry-pi-looma/output/host/usr --with-mpfr=/home/sandesh/work-sandesh/raspberry-pi-looma/output/host/usr --enable-target-optspace --disable-libquadmath --enable-tls --enable-threads --with-mpc=/home/sandesh/work-sandesh/raspberry-pi-looma/output/host/usr --disable-decimal-float --with-arch=armv6zk --with-tune=arm1176jzf-s --with-abi=aapcs-linux --with-fpu=vfp --with-float=softfp --with-mode=arm --with-pkgversion='Buildroot 2013.08-git-gd3d57cf' --with-bugurl=http://bugs.buildroot.net/ --enable-languages=c,c++ --with-build-time-tools=/home/sandesh/work-sandesh/raspberry-pi-looma/output/host/usr/arm-buildroot-linux-uclibcgnueabi/bin --disable-libgomp]
  ignore line: [Thread model: posix]
  ignore line: [gcc version 4.7.3 (Buildroot 2013.08-git-gd3d57cf) ]
  ignore line: [COMPILER_PATH=/opt/rp/cc/bin/../libexec/gcc/arm-buildroot-linux-uclibcgnueabi/4.7.3/:/opt/rp/cc/bin/../libexec/gcc/:/opt/rp/cc/bin/../lib/gcc/arm-buildroot-linux-uclibcgnueabi/4.7.3/../../../../arm-buildroot-linux-uclibcgnueabi/bin/]
  ignore line: [LIBRARY_PATH=/opt/rp/cc/bin/../lib/gcc/arm-buildroot-linux-uclibcgnueabi/4.7.3/:/opt/rp/cc/bin/../lib/gcc/:/opt/rp/cc/bin/../lib/gcc/arm-buildroot-linux-uclibcgnueabi/4.7.3/../../../../arm-buildroot-linux-uclibcgnueabi/lib/:/opt/rp/cc/bin/../arm-buildroot-linux-uclibcgnueabi/sysroot/lib/:/opt/rp/cc/bin/../arm-buildroot-linux-uclibcgnueabi/sysroot/usr/lib/]
  ignore line: [COLLECT_GCC_OPTIONS='-v' '-o' 'cmTryCompileExec' '-rdynamic' '-shared-libgcc' '-march=armv6zk' '-mtune=arm1176jzf-s' '-mfloat-abi=softfp' '-mfpu=vfp' '-mabi=aapcs-linux' '-marm' '-mtls-dialect=gnu']
  link line: [ /opt/rp/cc/bin/../libexec/gcc/arm-buildroot-linux-uclibcgnueabi/4.7.3/collect2 --sysroot=/opt/rp/cc/bin/../arm-buildroot-linux-uclibcgnueabi/sysroot --eh-frame-hdr -export-dynamic -dynamic-linker /lib/ld-uClibc.so.0 -X -m armelf_linux_eabi -o cmTryCompileExec /opt/rp/cc/bin/../arm-buildroot-linux-uclibcgnueabi/sysroot/usr/lib/crt1.o /opt/rp/cc/bin/../arm-buildroot-linux-uclibcgnueabi/sysroot/usr/lib/crti.o /opt/rp/cc/bin/../lib/gcc/arm-buildroot-linux-uclibcgnueabi/4.7.3/crtbegin.o -L/opt/rp/cc/bin/../lib/gcc/arm-buildroot-linux-uclibcgnueabi/4.7.3 -L/opt/rp/cc/bin/../lib/gcc -L/opt/rp/cc/bin/../lib/gcc/arm-buildroot-linux-uclibcgnueabi/4.7.3/../../../../arm-buildroot-linux-uclibcgnueabi/lib -L/opt/rp/cc/bin/../arm-buildroot-linux-uclibcgnueabi/sysroot/lib -L/opt/rp/cc/bin/../arm-buildroot-linux-uclibcgnueabi/sysroot/usr/lib CMakeFiles/cmTryCompileExec.dir/CMakeCXXCompilerABI.cpp.o -lstdc++ -lm -lgcc_s -lgcc -lc -lgcc_s -lgcc /opt/rp/cc/bin/../lib/gcc/arm-buildroot-linux-uclibcgnueabi/4.7.3/crtend.o /opt/rp/cc/bin/../arm-buildroot-linux-uclibcgnueabi/sysroot/usr/lib/crtn.o]
    arg [/opt/rp/cc/bin/../libexec/gcc/arm-buildroot-linux-uclibcgnueabi/4.7.3/collect2] ==> ignore
    arg [--sysroot=/opt/rp/cc/bin/../arm-buildroot-linux-uclibcgnueabi/sysroot] ==> ignore
    arg [--eh-frame-hdr] ==> ignore
    arg [-export-dynamic] ==> ignore
    arg [-dynamic-linker] ==> ignore
    arg [/lib/ld-uClibc.so.0] ==> ignore
    arg [-X] ==> ignore
    arg [-m] ==> ignore
    arg [armelf_linux_eabi] ==> ignore
    arg [-o] ==> ignore
    arg [cmTryCompileExec] ==> ignore
    arg [/opt/rp/cc/bin/../arm-buildroot-linux-uclibcgnueabi/sysroot/usr/lib/crt1.o] ==> ignore
    arg [/opt/rp/cc/bin/../arm-buildroot-linux-uclibcgnueabi/sysroot/usr/lib/crti.o] ==> ignore
    arg [/opt/rp/cc/bin/../lib/gcc/arm-buildroot-linux-uclibcgnueabi/4.7.3/crtbegin.o] ==> ignore
    arg [-L/opt/rp/cc/bin/../lib/gcc/arm-buildroot-linux-uclibcgnueabi/4.7.3] ==> dir [/opt/rp/cc/bin/../lib/gcc/arm-buildroot-linux-uclibcgnueabi/4.7.3]
    arg [-L/opt/rp/cc/bin/../lib/gcc] ==> dir [/opt/rp/cc/bin/../lib/gcc]
    arg [-L/opt/rp/cc/bin/../lib/gcc/arm-buildroot-linux-uclibcgnueabi/4.7.3/../../../../arm-buildroot-linux-uclibcgnueabi/lib] ==> dir [/opt/rp/cc/bin/../lib/gcc/arm-buildroot-linux-uclibcgnueabi/4.7.3/../../../../arm-buildroot-linux-uclibcgnueabi/lib]
    arg [-L/opt/rp/cc/bin/../arm-buildroot-linux-uclibcgnueabi/sysroot/lib] ==> dir [/opt/rp/cc/bin/../arm-buildroot-linux-uclibcgnueabi/sysroot/lib]
    arg [-L/opt/rp/cc/bin/../arm-buildroot-linux-uclibcgnueabi/sysroot/usr/lib] ==> dir [/opt/rp/cc/bin/../arm-buildroot-linux-uclibcgnueabi/sysroot/usr/lib]
    arg [CMakeFiles/cmTryCompileExec.dir/CMakeCXXCompilerABI.cpp.o] ==> ignore
    arg [-lstdc++] ==> lib [stdc++]
    arg [-lm] ==> lib [m]
    arg [-lgcc_s] ==> lib [gcc_s]
    arg [-lgcc] ==> lib [gcc]
    arg [-lc] ==> lib [c]
    arg [-lgcc_s] ==> lib [gcc_s]
    arg [-lgcc] ==> lib [gcc]
    arg [/opt/rp/cc/bin/../lib/gcc/arm-buildroot-linux-uclibcgnueabi/4.7.3/crtend.o] ==> ignore
    arg [/opt/rp/cc/bin/../arm-buildroot-linux-uclibcgnueabi/sysroot/usr/lib/crtn.o] ==> ignore
  remove lib [gcc_s]
  remove lib [gcc]
  remove lib [gcc_s]
  remove lib [gcc]
  collapse dir [/opt/rp/cc/bin/../lib/gcc/arm-buildroot-linux-uclibcgnueabi/4.7.3] ==> [/opt/rp/cc/lib/gcc/arm-buildroot-linux-uclibcgnueabi/4.7.3]
  collapse dir [/opt/rp/cc/bin/../lib/gcc] ==> [/opt/rp/cc/lib/gcc]
  collapse dir [/opt/rp/cc/bin/../lib/gcc/arm-buildroot-linux-uclibcgnueabi/4.7.3/../../../../arm-buildroot-linux-uclibcgnueabi/lib] ==> [/opt/rp/cc/arm-buildroot-linux-uclibcgnueabi/lib]
  collapse dir [/opt/rp/cc/bin/../arm-buildroot-linux-uclibcgnueabi/sysroot/lib] ==> [/opt/rp/cc/arm-buildroot-linux-uclibcgnueabi/sysroot/lib]
  collapse dir [/opt/rp/cc/bin/../arm-buildroot-linux-uclibcgnueabi/sysroot/usr/lib] ==> [/opt/rp/cc/arm-buildroot-linux-uclibcgnueabi/sysroot/usr/lib]
  implicit libs: [stdc++;m;c]
  implicit dirs: [/opt/rp/cc/lib/gcc/arm-buildroot-linux-uclibcgnueabi/4.7.3;/opt/rp/cc/lib/gcc;/opt/rp/cc/arm-buildroot-linux-uclibcgnueabi/lib;/opt/rp/cc/arm-buildroot-linux-uclibcgnueabi/sysroot/lib;/opt/rp/cc/arm-buildroot-linux-uclibcgnueabi/sysroot/usr/lib]


The target system is: Linux - 1 - 
The host system is: Linux - 3.8.0-30-generic - x86_64
Compiling the C compiler identification source file "CMakeCCompilerId.c" succeeded.
Compiler: /opt/rp/cc/bin/arm-buildroot-linux-uclibcgnueabi-gcc 
Build flags: 
Id flags: 

The output was:
0


Compilation of the C compiler identification source "CMakeCCompilerId.c" produced "a.out"

The C compiler identification is GNU, found in "/home/sandesh/work-sandesh/raspberry-pi-app/src/CMakeFiles/2.8.10.2/CompilerIdC/a.out"

Compiling the CXX compiler identification source file "CMakeCXXCompilerId.cpp" succeeded.
Compiler: /opt/rp/cc/bin/arm-buildroot-linux-uclibcgnueabi-g++ 
Build flags: 
Id flags: 

The output was:
0


Compilation of the CXX compiler identification source "CMakeCXXCompilerId.cpp" produced "a.out"

The CXX compiler identification is GNU, found in "/home/sandesh/work-sandesh/raspberry-pi-app/src/CMakeFiles/2.8.10.2/CompilerIdCXX/a.out"

Detecting C compiler ABI info compiled with the following output:
Change Dir: /home/sandesh/work-sandesh/raspberry-pi-app/src/CMakeFiles/CMakeTmp

Run Build Command:/usr/bin/make "cmTryCompileExec1086688821/fast"
/usr/bin/make -f CMakeFiles/cmTryCompileExec1086688821.dir/build.make CMakeFiles/cmTryCompileExec1086688821.dir/build
make[1]: Entering directory `/home/sandesh/work-sandesh/raspberry-pi-app/src/CMakeFiles/CMakeTmp'
/opt/rp/cc/bin/cmake -E cmake_progress_report /home/sandesh/work-sandesh/raspberry-pi-app/src/CMakeFiles/CMakeTmp/CMakeFiles 1
Building C object CMakeFiles/cmTryCompileExec1086688821.dir/CMakeCCompilerABI.c.o
/opt/rp/cc/bin/arm-buildroot-linux-uclibcgnueabi-gcc    -o CMakeFiles/cmTryCompileExec1086688821.dir/CMakeCCompilerABI.c.o   -c /opt/rp/cc/share/cmake-2.8/Modules/CMakeCCompilerABI.c
Linking C executable cmTryCompileExec1086688821
/opt/rp/cc/bin/cmake -E cmake_link_script CMakeFiles/cmTryCompileExec1086688821.dir/link.txt --verbose=1
/opt/rp/cc/bin/arm-buildroot-linux-uclibcgnueabi-gcc       -v CMakeFiles/cmTryCompileExec1086688821.dir/CMakeCCompilerABI.c.o  -o cmTryCompileExec1086688821 -rdynamic  
Using built-in specs.
COLLECT_GCC=/opt/rp/cc/bin/arm-buildroot-linux-uclibcgnueabi-gcc
COLLECT_LTO_WRAPPER=/opt/rp/cc/bin/../libexec/gcc/arm-buildroot-linux-uclibcgnueabi/4.7.3/lto-wrapper
Target: arm-buildroot-linux-uclibcgnueabi
Configured with: ./configure --prefix=/home/sandesh/work-sandesh/raspberry-pi-looma/output/host/usr --sysconfdir=/home/sandesh/work-sandesh/raspberry-pi-looma/output/host/etc --enable-shared --disable-static --disable-gtk-doc --disable-doc --disable-docs --disable-documentation --with-xmlto=no --with-fop=no --target=arm-buildroot-linux-uclibcgnueabi --with-sysroot=/home/sandesh/work-sandesh/raspberry-pi-looma/output/host/usr/arm-buildroot-linux-uclibcgnueabi/sysroot --disable-__cxa_atexit --with-gnu-ld --disable-libssp --disable-multilib --with-gmp=/home/sandesh/work-sandesh/raspberry-pi-looma/output/host/usr --with-mpfr=/home/sandesh/work-sandesh/raspberry-pi-looma/output/host/usr --enable-target-optspace --disable-libquadmath --enable-tls --enable-threads --with-mpc=/home/sandesh/work-sandesh/raspberry-pi-looma/output/host/usr --disable-decimal-float --with-arch=armv6zk --with-tune=arm1176jzf-s --with-abi=aapcs-linux --with-fpu=vfp --with-float=softfp --with-mode=arm --with-pkgversion='Buildroot 2013.08-git-gd3d57cf' --with-bugurl=http://bugs.buildroot.net/ --enable-languages=c,c++ --with-build-time-tools=/home/sandesh/work-sandesh/raspberry-pi-looma/output/host/usr/arm-buildroot-linux-uclibcgnueabi/bin --disable-libgomp
Thread model: posix
gcc version 4.7.3 (Buildroot 2013.08-git-gd3d57cf) 
COMPILER_PATH=/opt/rp/cc/bin/../libexec/gcc/arm-buildroot-linux-uclibcgnueabi/4.7.3/:/opt/rp/cc/bin/../libexec/gcc/:/opt/rp/cc/bin/../lib/gcc/arm-buildroot-linux-uclibcgnueabi/4.7.3/../../../../arm-buildroot-linux-uclibcgnueabi/bin/
LIBRARY_PATH=/opt/rp/cc/bin/../lib/gcc/arm-buildroot-linux-uclibcgnueabi/4.7.3/:/opt/rp/cc/bin/../lib/gcc/:/opt/rp/cc/bin/../lib/gcc/arm-buildroot-linux-uclibcgnueabi/4.7.3/../../../../arm-buildroot-linux-uclibcgnueabi/lib/:/opt/rp/cc/bin/../arm-buildroot-linux-uclibcgnueabi/sysroot/lib/:/opt/rp/cc/bin/../arm-buildroot-linux-uclibcgnueabi/sysroot/usr/lib/
COLLECT_GCC_OPTIONS='-v' '-o' 'cmTryCompileExec1086688821' '-rdynamic' '-march=armv6zk' '-mtune=arm1176jzf-s' '-mfloat-abi=softfp' '-mfpu=vfp' '-mabi=aapcs-linux' '-marm' '-mtls-dialect=gnu'
 /opt/rp/cc/bin/../libexec/gcc/arm-buildroot-linux-uclibcgnueabi/4.7.3/collect2 --sysroot=/opt/rp/cc/bin/../arm-buildroot-linux-uclibcgnueabi/sysroot --eh-frame-hdr -export-dynamic -dynamic-linker /lib/ld-uClibc.so.0 -X -m armelf_linux_eabi -o cmTryCompileExec1086688821 /opt/rp/cc/bin/../arm-buildroot-linux-uclibcgnueabi/sysroot/usr/lib/crt1.o /opt/rp/cc/bin/../arm-buildroot-linux-uclibcgnueabi/sysroot/usr/lib/crti.o /opt/rp/cc/bin/../lib/gcc/arm-buildroot-linux-uclibcgnueabi/4.7.3/crtbegin.o -L/opt/rp/cc/bin/../lib/gcc/arm-buildroot-linux-uclibcgnueabi/4.7.3 -L/opt/rp/cc/bin/../lib/gcc -L/opt/rp/cc/bin/../lib/gcc/arm-buildroot-linux-uclibcgnueabi/4.7.3/../../../../arm-buildroot-linux-uclibcgnueabi/lib -L/opt/rp/cc/bin/../arm-buildroot-linux-uclibcgnueabi/sysroot/lib -L/opt/rp/cc/bin/../arm-buildroot-linux-uclibcgnueabi/sysroot/usr/lib CMakeFiles/cmTryCompileExec1086688821.dir/CMakeCCompilerABI.c.o -lgcc --as-needed -lgcc_s --no-as-needed -lc -lgcc --as-needed -lgcc_s --no-as-needed /opt/rp/cc/bin/../lib/gcc/arm-buildroot-linux-uclibcgnueabi/4.7.3/crtend.o /opt/rp/cc/bin/../arm-buildroot-linux-uclibcgnueabi/sysroot/usr/lib/crtn.o
make[1]: Leaving directory `/home/sandesh/work-sandesh/raspberry-pi-app/src/CMakeFiles/CMakeTmp'


Parsed C implicit link information from above output:
  link line regex: [^( *|.*[/\])(arm-buildroot-linux-uclibcgnueabi-ld|ld|collect2)[^/\]*( |$)]
  ignore line: [Change Dir: /home/sandesh/work-sandesh/raspberry-pi-app/src/CMakeFiles/CMakeTmp]
  ignore line: []
  ignore line: [Run Build Command:/usr/bin/make "cmTryCompileExec1086688821/fast"]
  ignore line: [/usr/bin/make -f CMakeFiles/cmTryCompileExec1086688821.dir/build.make CMakeFiles/cmTryCompileExec1086688821.dir/build]
  ignore line: [make[1]: Entering directory `/home/sandesh/work-sandesh/raspberry-pi-app/src/CMakeFiles/CMakeTmp']
  ignore line: [/opt/rp/cc/bin/cmake -E cmake_progress_report /home/sandesh/work-sandesh/raspberry-pi-app/src/CMakeFiles/CMakeTmp/CMakeFiles 1]
  ignore line: [Building C object CMakeFiles/cmTryCompileExec1086688821.dir/CMakeCCompilerABI.c.o]
  ignore line: [/opt/rp/cc/bin/arm-buildroot-linux-uclibcgnueabi-gcc    -o CMakeFiles/cmTryCompileExec1086688821.dir/CMakeCCompilerABI.c.o   -c /opt/rp/cc/share/cmake-2.8/Modules/CMakeCCompilerABI.c]
  ignore line: [Linking C executable cmTryCompileExec1086688821]
  ignore line: [/opt/rp/cc/bin/cmake -E cmake_link_script CMakeFiles/cmTryCompileExec1086688821.dir/link.txt --verbose=1]
  ignore line: [/opt/rp/cc/bin/arm-buildroot-linux-uclibcgnueabi-gcc       -v CMakeFiles/cmTryCompileExec1086688821.dir/CMakeCCompilerABI.c.o  -o cmTryCompileExec1086688821 -rdynamic  ]
  ignore line: [Using built-in specs.]
  ignore line: [COLLECT_GCC=/opt/rp/cc/bin/arm-buildroot-linux-uclibcgnueabi-gcc]
  ignore line: [COLLECT_LTO_WRAPPER=/opt/rp/cc/bin/../libexec/gcc/arm-buildroot-linux-uclibcgnueabi/4.7.3/lto-wrapper]
  ignore line: [Target: arm-buildroot-linux-uclibcgnueabi]
  ignore line: [Configured with: ./configure --prefix=/home/sandesh/work-sandesh/raspberry-pi-looma/output/host/usr --sysconfdir=/home/sandesh/work-sandesh/raspberry-pi-looma/output/host/etc --enable-shared --disable-static --disable-gtk-doc --disable-doc --disable-docs --disable-documentation --with-xmlto=no --with-fop=no --target=arm-buildroot-linux-uclibcgnueabi --with-sysroot=/home/sandesh/work-sandesh/raspberry-pi-looma/output/host/usr/arm-buildroot-linux-uclibcgnueabi/sysroot --disable-__cxa_atexit --with-gnu-ld --disable-libssp --disable-multilib --with-gmp=/home/sandesh/work-sandesh/raspberry-pi-looma/output/host/usr --with-mpfr=/home/sandesh/work-sandesh/raspberry-pi-looma/output/host/usr --enable-target-optspace --disable-libquadmath --enable-tls --enable-threads --with-mpc=/home/sandesh/work-sandesh/raspberry-pi-looma/output/host/usr --disable-decimal-float --with-arch=armv6zk --with-tune=arm1176jzf-s --with-abi=aapcs-linux --with-fpu=vfp --with-float=softfp --with-mode=arm --with-pkgversion='Buildroot 2013.08-git-gd3d57cf' --with-bugurl=http://bugs.buildroot.net/ --enable-languages=c,c++ --with-build-time-tools=/home/sandesh/work-sandesh/raspberry-pi-looma/output/host/usr/arm-buildroot-linux-uclibcgnueabi/bin --disable-libgomp]
  ignore line: [Thread model: posix]
  ignore line: [gcc version 4.7.3 (Buildroot 2013.08-git-gd3d57cf) ]
  ignore line: [COMPILER_PATH=/opt/rp/cc/bin/../libexec/gcc/arm-buildroot-linux-uclibcgnueabi/4.7.3/:/opt/rp/cc/bin/../libexec/gcc/:/opt/rp/cc/bin/../lib/gcc/arm-buildroot-linux-uclibcgnueabi/4.7.3/../../../../arm-buildroot-linux-uclibcgnueabi/bin/]
  ignore line: [LIBRARY_PATH=/opt/rp/cc/bin/../lib/gcc/arm-buildroot-linux-uclibcgnueabi/4.7.3/:/opt/rp/cc/bin/../lib/gcc/:/opt/rp/cc/bin/../lib/gcc/arm-buildroot-linux-uclibcgnueabi/4.7.3/../../../../arm-buildroot-linux-uclibcgnueabi/lib/:/opt/rp/cc/bin/../arm-buildroot-linux-uclibcgnueabi/sysroot/lib/:/opt/rp/cc/bin/../arm-buildroot-linux-uclibcgnueabi/sysroot/usr/lib/]
  ignore line: [COLLECT_GCC_OPTIONS='-v' '-o' 'cmTryCompileExec1086688821' '-rdynamic' '-march=armv6zk' '-mtune=arm1176jzf-s' '-mfloat-abi=softfp' '-mfpu=vfp' '-mabi=aapcs-linux' '-marm' '-mtls-dialect=gnu']
  link line: [ /opt/rp/cc/bin/../libexec/gcc/arm-buildroot-linux-uclibcgnueabi/4.7.3/collect2 --sysroot=/opt/rp/cc/bin/../arm-buildroot-linux-uclibcgnueabi/sysroot --eh-frame-hdr -export-dynamic -dynamic-linker /lib/ld-uClibc.so.0 -X -m armelf_linux_eabi -o cmTryCompileExec1086688821 /opt/rp/cc/bin/../arm-buildroot-linux-uclibcgnueabi/sysroot/usr/lib/crt1.o /opt/rp/cc/bin/../arm-buildroot-linux-uclibcgnueabi/sysroot/usr/lib/crti.o /opt/rp/cc/bin/../lib/gcc/arm-buildroot-linux-uclibcgnueabi/4.7.3/crtbegin.o -L/opt/rp/cc/bin/../lib/gcc/arm-buildroot-linux-uclibcgnueabi/4.7.3 -L/opt/rp/cc/bin/../lib/gcc -L/opt/rp/cc/bin/../lib/gcc/arm-buildroot-linux-uclibcgnueabi/4.7.3/../../../../arm-buildroot-linux-uclibcgnueabi/lib -L/opt/rp/cc/bin/../arm-buildroot-linux-uclibcgnueabi/sysroot/lib -L/opt/rp/cc/bin/../arm-buildroot-linux-uclibcgnueabi/sysroot/usr/lib CMakeFiles/cmTryCompileExec1086688821.dir/CMakeCCompilerABI.c.o -lgcc --as-needed -lgcc_s --no-as-needed -lc -lgcc --as-needed -lgcc_s --no-as-needed /opt/rp/cc/bin/../lib/gcc/arm-buildroot-linux-uclibcgnueabi/4.7.3/crtend.o /opt/rp/cc/bin/../arm-buildroot-linux-uclibcgnueabi/sysroot/usr/lib/crtn.o]
    arg [/opt/rp/cc/bin/../libexec/gcc/arm-buildroot-linux-uclibcgnueabi/4.7.3/collect2] ==> ignore
    arg [--sysroot=/opt/rp/cc/bin/../arm-buildroot-linux-uclibcgnueabi/sysroot] ==> ignore
    arg [--eh-frame-hdr] ==> ignore
    arg [-export-dynamic] ==> ignore
    arg [-dynamic-linker] ==> ignore
    arg [/lib/ld-uClibc.so.0] ==> ignore
    arg [-X] ==> ignore
    arg [-m] ==> ignore
    arg [armelf_linux_eabi] ==> ignore
    arg [-o] ==> ignore
    arg [cmTryCompileExec1086688821] ==> ignore
    arg [/opt/rp/cc/bin/../arm-buildroot-linux-uclibcgnueabi/sysroot/usr/lib/crt1.o] ==> ignore
    arg [/opt/rp/cc/bin/../arm-buildroot-linux-uclibcgnueabi/sysroot/usr/lib/crti.o] ==> ignore
    arg [/opt/rp/cc/bin/../lib/gcc/arm-buildroot-linux-uclibcgnueabi/4.7.3/crtbegin.o] ==> ignore
    arg [-L/opt/rp/cc/bin/../lib/gcc/arm-buildroot-linux-uclibcgnueabi/4.7.3] ==> dir [/opt/rp/cc/bin/../lib/gcc/arm-buildroot-linux-uclibcgnueabi/4.7.3]
    arg [-L/opt/rp/cc/bin/../lib/gcc] ==> dir [/opt/rp/cc/bin/../lib/gcc]
    arg [-L/opt/rp/cc/bin/../lib/gcc/arm-buildroot-linux-uclibcgnueabi/4.7.3/../../../../arm-buildroot-linux-uclibcgnueabi/lib] ==> dir [/opt/rp/cc/bin/../lib/gcc/arm-buildroot-linux-uclibcgnueabi/4.7.3/../../../../arm-buildroot-linux-uclibcgnueabi/lib]
    arg [-L/opt/rp/cc/bin/../arm-buildroot-linux-uclibcgnueabi/sysroot/lib] ==> dir [/opt/rp/cc/bin/../arm-buildroot-linux-uclibcgnueabi/sysroot/lib]
    arg [-L/opt/rp/cc/bin/../arm-buildroot-linux-uclibcgnueabi/sysroot/usr/lib] ==> dir [/opt/rp/cc/bin/../arm-buildroot-linux-uclibcgnueabi/sysroot/usr/lib]
    arg [CMakeFiles/cmTryCompileExec1086688821.dir/CMakeCCompilerABI.c.o] ==> ignore
    arg [-lgcc] ==> lib [gcc]
    arg [--as-needed] ==> ignore
    arg [-lgcc_s] ==> lib [gcc_s]
    arg [--no-as-needed] ==> ignore
    arg [-lc] ==> lib [c]
    arg [-lgcc] ==> lib [gcc]
    arg [--as-needed] ==> ignore
    arg [-lgcc_s] ==> lib [gcc_s]
    arg [--no-as-needed] ==> ignore
    arg [/opt/rp/cc/bin/../lib/gcc/arm-buildroot-linux-uclibcgnueabi/4.7.3/crtend.o] ==> ignore
    arg [/opt/rp/cc/bin/../arm-buildroot-linux-uclibcgnueabi/sysroot/usr/lib/crtn.o] ==> ignore
  remove lib [gcc]
  remove lib [gcc_s]
  remove lib [gcc]
  remove lib [gcc_s]
  collapse dir [/opt/rp/cc/bin/../lib/gcc/arm-buildroot-linux-uclibcgnueabi/4.7.3] ==> [/opt/rp/cc/lib/gcc/arm-buildroot-linux-uclibcgnueabi/4.7.3]
  collapse dir [/opt/rp/cc/bin/../lib/gcc] ==> [/opt/rp/cc/lib/gcc]
  collapse dir [/opt/rp/cc/bin/../lib/gcc/arm-buildroot-linux-uclibcgnueabi/4.7.3/../../../../arm-buildroot-linux-uclibcgnueabi/lib] ==> [/opt/rp/cc/arm-buildroot-linux-uclibcgnueabi/lib]
  collapse dir [/opt/rp/cc/bin/../arm-buildroot-linux-uclibcgnueabi/sysroot/lib] ==> [/opt/rp/cc/arm-buildroot-linux-uclibcgnueabi/sysroot/lib]
  collapse dir [/opt/rp/cc/bin/../arm-buildroot-linux-uclibcgnueabi/sysroot/usr/lib] ==> [/opt/rp/cc/arm-buildroot-linux-uclibcgnueabi/sysroot/usr/lib]
  implicit libs: [c]
  implicit dirs: [/opt/rp/cc/lib/gcc/arm-buildroot-linux-uclibcgnueabi/4.7.3;/opt/rp/cc/lib/gcc;/opt/rp/cc/arm-buildroot-linux-uclibcgnueabi/lib;/opt/rp/cc/arm-buildroot-linux-uclibcgnueabi/sysroot/lib;/opt/rp/cc/arm-buildroot-linux-uclibcgnueabi/sysroot/usr/lib]


Detecting CXX compiler ABI info compiled with the following output:
Change Dir: /home/sandesh/work-sandesh/raspberry-pi-app/src/CMakeFiles/CMakeTmp

Run Build Command:/usr/bin/make "cmTryCompileExec1683171369/fast"
/usr/bin/make -f CMakeFiles/cmTryCompileExec1683171369.dir/build.make CMakeFiles/cmTryCompileExec1683171369.dir/build
make[1]: Entering directory `/home/sandesh/work-sandesh/raspberry-pi-app/src/CMakeFiles/CMakeTmp'
/opt/rp/cc/bin/cmake -E cmake_progress_report /home/sandesh/work-sandesh/raspberry-pi-app/src/CMakeFiles/CMakeTmp/CMakeFiles 1
Building CXX object CMakeFiles/cmTryCompileExec1683171369.dir/CMakeCXXCompilerABI.cpp.o
/opt/rp/cc/bin/arm-buildroot-linux-uclibcgnueabi-g++     -o CMakeFiles/cmTryCompileExec1683171369.dir/CMakeCXXCompilerABI.cpp.o -c /opt/rp/cc/share/cmake-2.8/Modules/CMakeCXXCompilerABI.cpp
Linking CXX executable cmTryCompileExec1683171369
/opt/rp/cc/bin/cmake -E cmake_link_script CMakeFiles/cmTryCompileExec1683171369.dir/link.txt --verbose=1
/opt/rp/cc/bin/arm-buildroot-linux-uclibcgnueabi-g++        -v CMakeFiles/cmTryCompileExec1683171369.dir/CMakeCXXCompilerABI.cpp.o  -o cmTryCompileExec1683171369 -rdynamic  
Using built-in specs.
COLLECT_GCC=/opt/rp/cc/bin/arm-buildroot-linux-uclibcgnueabi-g++
COLLECT_LTO_WRAPPER=/opt/rp/cc/bin/../libexec/gcc/arm-buildroot-linux-uclibcgnueabi/4.7.3/lto-wrapper
Target: arm-buildroot-linux-uclibcgnueabi
Configured with: ./configure --prefix=/home/sandesh/work-sandesh/raspberry-pi-looma/output/host/usr --sysconfdir=/home/sandesh/work-sandesh/raspberry-pi-looma/output/host/etc --enable-shared --disable-static --disable-gtk-doc --disable-doc --disable-docs --disable-documentation --with-xmlto=no --with-fop=no --target=arm-buildroot-linux-uclibcgnueabi --with-sysroot=/home/sandesh/work-sandesh/raspberry-pi-looma/output/host/usr/arm-buildroot-linux-uclibcgnueabi/sysroot --disable-__cxa_atexit --with-gnu-ld --disable-libssp --disable-multilib --with-gmp=/home/sandesh/work-sandesh/raspberry-pi-looma/output/host/usr --with-mpfr=/home/sandesh/work-sandesh/raspberry-pi-looma/output/host/usr --enable-target-optspace --disable-libquadmath --enable-tls --enable-threads --with-mpc=/home/sandesh/work-sandesh/raspberry-pi-looma/output/host/usr --disable-decimal-float --with-arch=armv6zk --with-tune=arm1176jzf-s --with-abi=aapcs-linux --with-fpu=vfp --with-float=softfp --with-mode=arm --with-pkgversion='Buildroot 2013.08-git-gd3d57cf' --with-bugurl=http://bugs.buildroot.net/ --enable-languages=c,c++ --with-build-time-tools=/home/sandesh/work-sandesh/raspberry-pi-looma/output/host/usr/arm-buildroot-linux-uclibcgnueabi/bin --disable-libgomp
Thread model: posix
gcc version 4.7.3 (Buildroot 2013.08-git-gd3d57cf) 
COMPILER_PATH=/opt/rp/cc/bin/../libexec/gcc/arm-buildroot-linux-uclibcgnueabi/4.7.3/:/opt/rp/cc/bin/../libexec/gcc/:/opt/rp/cc/bin/../lib/gcc/arm-buildroot-linux-uclibcgnueabi/4.7.3/../../../../arm-buildroot-linux-uclibcgnueabi/bin/
LIBRARY_PATH=/opt/rp/cc/bin/../lib/gcc/arm-buildroot-linux-uclibcgnueabi/4.7.3/:/opt/rp/cc/bin/../lib/gcc/:/opt/rp/cc/bin/../lib/gcc/arm-buildroot-linux-uclibcgnueabi/4.7.3/../../../../arm-buildroot-linux-uclibcgnueabi/lib/:/opt/rp/cc/bin/../arm-buildroot-linux-uclibcgnueabi/sysroot/lib/:/opt/rp/cc/bin/../arm-buildroot-linux-uclibcgnueabi/sysroot/usr/lib/
COLLECT_GCC_OPTIONS='-v' '-o' 'cmTryCompileExec1683171369' '-rdynamic' '-shared-libgcc' '-march=armv6zk' '-mtune=arm1176jzf-s' '-mfloat-abi=softfp' '-mfpu=vfp' '-mabi=aapcs-linux' '-marm' '-mtls-dialect=gnu'
 /opt/rp/cc/bin/../libexec/gcc/arm-buildroot-linux-uclibcgnueabi/4.7.3/collect2 --sysroot=/opt/rp/cc/bin/../arm-buildroot-linux-uclibcgnueabi/sysroot --eh-frame-hdr -export-dynamic -dynamic-linker /lib/ld-uClibc.so.0 -X -m armelf_linux_eabi -o cmTryCompileExec1683171369 /opt/rp/cc/bin/../arm-buildroot-linux-uclibcgnueabi/sysroot/usr/lib/crt1.o /opt/rp/cc/bin/../arm-buildroot-linux-uclibcgnueabi/sysroot/usr/lib/crti.o /opt/rp/cc/bin/../lib/gcc/arm-buildroot-linux-uclibcgnueabi/4.7.3/crtbegin.o -L/opt/rp/cc/bin/../lib/gcc/arm-buildroot-linux-uclibcgnueabi/4.7.3 -L/opt/rp/cc/bin/../lib/gcc -L/opt/rp/cc/bin/../lib/gcc/arm-buildroot-linux-uclibcgnueabi/4.7.3/../../../../arm-buildroot-linux-uclibcgnueabi/lib -L/opt/rp/cc/bin/../arm-buildroot-linux-uclibcgnueabi/sysroot/lib -L/opt/rp/cc/bin/../arm-buildroot-linux-uclibcgnueabi/sysroot/usr/lib CMakeFiles/cmTryCompileExec1683171369.dir/CMakeCXXCompilerABI.cpp.o -lstdc++ -lm -lgcc_s -lgcc -lc -lgcc_s -lgcc /opt/rp/cc/bin/../lib/gcc/arm-buildroot-linux-uclibcgnueabi/4.7.3/crtend.o /opt/rp/cc/bin/../arm-buildroot-linux-uclibcgnueabi/sysroot/usr/lib/crtn.o
make[1]: Leaving directory `/home/sandesh/work-sandesh/raspberry-pi-app/src/CMakeFiles/CMakeTmp'


Parsed CXX implicit link information from above output:
  link line regex: [^( *|.*[/\])(arm-buildroot-linux-uclibcgnueabi-ld|ld|collect2)[^/\]*( |$)]
  ignore line: [Change Dir: /home/sandesh/work-sandesh/raspberry-pi-app/src/CMakeFiles/CMakeTmp]
  ignore line: []
  ignore line: [Run Build Command:/usr/bin/make "cmTryCompileExec1683171369/fast"]
  ignore line: [/usr/bin/make -f CMakeFiles/cmTryCompileExec1683171369.dir/build.make CMakeFiles/cmTryCompileExec1683171369.dir/build]
  ignore line: [make[1]: Entering directory `/home/sandesh/work-sandesh/raspberry-pi-app/src/CMakeFiles/CMakeTmp']
  ignore line: [/opt/rp/cc/bin/cmake -E cmake_progress_report /home/sandesh/work-sandesh/raspberry-pi-app/src/CMakeFiles/CMakeTmp/CMakeFiles 1]
  ignore line: [Building CXX object CMakeFiles/cmTryCompileExec1683171369.dir/CMakeCXXCompilerABI.cpp.o]
  ignore line: [/opt/rp/cc/bin/arm-buildroot-linux-uclibcgnueabi-g++     -o CMakeFiles/cmTryCompileExec1683171369.dir/CMakeCXXCompilerABI.cpp.o -c /opt/rp/cc/share/cmake-2.8/Modules/CMakeCXXCompilerABI.cpp]
  ignore line: [Linking CXX executable cmTryCompileExec1683171369]
  ignore line: [/opt/rp/cc/bin/cmake -E cmake_link_script CMakeFiles/cmTryCompileExec1683171369.dir/link.txt --verbose=1]
  ignore line: [/opt/rp/cc/bin/arm-buildroot-linux-uclibcgnueabi-g++        -v CMakeFiles/cmTryCompileExec1683171369.dir/CMakeCXXCompilerABI.cpp.o  -o cmTryCompileExec1683171369 -rdynamic  ]
  ignore line: [Using built-in specs.]
  ignore line: [COLLECT_GCC=/opt/rp/cc/bin/arm-buildroot-linux-uclibcgnueabi-g++]
  ignore line: [COLLECT_LTO_WRAPPER=/opt/rp/cc/bin/../libexec/gcc/arm-buildroot-linux-uclibcgnueabi/4.7.3/lto-wrapper]
  ignore line: [Target: arm-buildroot-linux-uclibcgnueabi]
  ignore line: [Configured with: ./configure --prefix=/home/sandesh/work-sandesh/raspberry-pi-looma/output/host/usr --sysconfdir=/home/sandesh/work-sandesh/raspberry-pi-looma/output/host/etc --enable-shared --disable-static --disable-gtk-doc --disable-doc --disable-docs --disable-documentation --with-xmlto=no --with-fop=no --target=arm-buildroot-linux-uclibcgnueabi --with-sysroot=/home/sandesh/work-sandesh/raspberry-pi-looma/output/host/usr/arm-buildroot-linux-uclibcgnueabi/sysroot --disable-__cxa_atexit --with-gnu-ld --disable-libssp --disable-multilib --with-gmp=/home/sandesh/work-sandesh/raspberry-pi-looma/output/host/usr --with-mpfr=/home/sandesh/work-sandesh/raspberry-pi-looma/output/host/usr --enable-target-optspace --disable-libquadmath --enable-tls --enable-threads --with-mpc=/home/sandesh/work-sandesh/raspberry-pi-looma/output/host/usr --disable-decimal-float --with-arch=armv6zk --with-tune=arm1176jzf-s --with-abi=aapcs-linux --with-fpu=vfp --with-float=softfp --with-mode=arm --with-pkgversion='Buildroot 2013.08-git-gd3d57cf' --with-bugurl=http://bugs.buildroot.net/ --enable-languages=c,c++ --with-build-time-tools=/home/sandesh/work-sandesh/raspberry-pi-looma/output/host/usr/arm-buildroot-linux-uclibcgnueabi/bin --disable-libgomp]
  ignore line: [Thread model: posix]
  ignore line: [gcc version 4.7.3 (Buildroot 2013.08-git-gd3d57cf) ]
  ignore line: [COMPILER_PATH=/opt/rp/cc/bin/../libexec/gcc/arm-buildroot-linux-uclibcgnueabi/4.7.3/:/opt/rp/cc/bin/../libexec/gcc/:/opt/rp/cc/bin/../lib/gcc/arm-buildroot-linux-uclibcgnueabi/4.7.3/../../../../arm-buildroot-linux-uclibcgnueabi/bin/]
  ignore line: [LIBRARY_PATH=/opt/rp/cc/bin/../lib/gcc/arm-buildroot-linux-uclibcgnueabi/4.7.3/:/opt/rp/cc/bin/../lib/gcc/:/opt/rp/cc/bin/../lib/gcc/arm-buildroot-linux-uclibcgnueabi/4.7.3/../../../../arm-buildroot-linux-uclibcgnueabi/lib/:/opt/rp/cc/bin/../arm-buildroot-linux-uclibcgnueabi/sysroot/lib/:/opt/rp/cc/bin/../arm-buildroot-linux-uclibcgnueabi/sysroot/usr/lib/]
  ignore line: [COLLECT_GCC_OPTIONS='-v' '-o' 'cmTryCompileExec1683171369' '-rdynamic' '-shared-libgcc' '-march=armv6zk' '-mtune=arm1176jzf-s' '-mfloat-abi=softfp' '-mfpu=vfp' '-mabi=aapcs-linux' '-marm' '-mtls-dialect=gnu']
  link line: [ /opt/rp/cc/bin/../libexec/gcc/arm-buildroot-linux-uclibcgnueabi/4.7.3/collect2 --sysroot=/opt/rp/cc/bin/../arm-buildroot-linux-uclibcgnueabi/sysroot --eh-frame-hdr -export-dynamic -dynamic-linker /lib/ld-uClibc.so.0 -X -m armelf_linux_eabi -o cmTryCompileExec1683171369 /opt/rp/cc/bin/../arm-buildroot-linux-uclibcgnueabi/sysroot/usr/lib/crt1.o /opt/rp/cc/bin/../arm-buildroot-linux-uclibcgnueabi/sysroot/usr/lib/crti.o /opt/rp/cc/bin/../lib/gcc/arm-buildroot-linux-uclibcgnueabi/4.7.3/crtbegin.o -L/opt/rp/cc/bin/../lib/gcc/arm-buildroot-linux-uclibcgnueabi/4.7.3 -L/opt/rp/cc/bin/../lib/gcc -L/opt/rp/cc/bin/../lib/gcc/arm-buildroot-linux-uclibcgnueabi/4.7.3/../../../../arm-buildroot-linux-uclibcgnueabi/lib -L/opt/rp/cc/bin/../arm-buildroot-linux-uclibcgnueabi/sysroot/lib -L/opt/rp/cc/bin/../arm-buildroot-linux-uclibcgnueabi/sysroot/usr/lib CMakeFiles/cmTryCompileExec1683171369.dir/CMakeCXXCompilerABI.cpp.o -lstdc++ -lm -lgcc_s -lgcc -lc -lgcc_s -lgcc /opt/rp/cc/bin/../lib/gcc/arm-buildroot-linux-uclibcgnueabi/4.7.3/crtend.o /opt/rp/cc/bin/../arm-buildroot-linux-uclibcgnueabi/sysroot/usr/lib/crtn.o]
    arg [/opt/rp/cc/bin/../libexec/gcc/arm-buildroot-linux-uclibcgnueabi/4.7.3/collect2] ==> ignore
    arg [--sysroot=/opt/rp/cc/bin/../arm-buildroot-linux-uclibcgnueabi/sysroot] ==> ignore
    arg [--eh-frame-hdr] ==> ignore
    arg [-export-dynamic] ==> ignore
    arg [-dynamic-linker] ==> ignore
    arg [/lib/ld-uClibc.so.0] ==> ignore
    arg [-X] ==> ignore
    arg [-m] ==> ignore
    arg [armelf_linux_eabi] ==> ignore
    arg [-o] ==> ignore
    arg [cmTryCompileExec1683171369] ==> ignore
    arg [/opt/rp/cc/bin/../arm-buildroot-linux-uclibcgnueabi/sysroot/usr/lib/crt1.o] ==> ignore
    arg [/opt/rp/cc/bin/../arm-buildroot-linux-uclibcgnueabi/sysroot/usr/lib/crti.o] ==> ignore
    arg [/opt/rp/cc/bin/../lib/gcc/arm-buildroot-linux-uclibcgnueabi/4.7.3/crtbegin.o] ==> ignore
    arg [-L/opt/rp/cc/bin/../lib/gcc/arm-buildroot-linux-uclibcgnueabi/4.7.3] ==> dir [/opt/rp/cc/bin/../lib/gcc/arm-buildroot-linux-uclibcgnueabi/4.7.3]
    arg [-L/opt/rp/cc/bin/../lib/gcc] ==> dir [/opt/rp/cc/bin/../lib/gcc]
    arg [-L/opt/rp/cc/bin/../lib/gcc/arm-buildroot-linux-uclibcgnueabi/4.7.3/../../../../arm-buildroot-linux-uclibcgnueabi/lib] ==> dir [/opt/rp/cc/bin/../lib/gcc/arm-buildroot-linux-uclibcgnueabi/4.7.3/../../../../arm-buildroot-linux-uclibcgnueabi/lib]
    arg [-L/opt/rp/cc/bin/../arm-buildroot-linux-uclibcgnueabi/sysroot/lib] ==> dir [/opt/rp/cc/bin/../arm-buildroot-linux-uclibcgnueabi/sysroot/lib]
    arg [-L/opt/rp/cc/bin/../arm-buildroot-linux-uclibcgnueabi/sysroot/usr/lib] ==> dir [/opt/rp/cc/bin/../arm-buildroot-linux-uclibcgnueabi/sysroot/usr/lib]
    arg [CMakeFiles/cmTryCompileExec1683171369.dir/CMakeCXXCompilerABI.cpp.o] ==> ignore
    arg [-lstdc++] ==> lib [stdc++]
    arg [-lm] ==> lib [m]
    arg [-lgcc_s] ==> lib [gcc_s]
    arg [-lgcc] ==> lib [gcc]
    arg [-lc] ==> lib [c]
    arg [-lgcc_s] ==> lib [gcc_s]
    arg [-lgcc] ==> lib [gcc]
    arg [/opt/rp/cc/bin/../lib/gcc/arm-buildroot-linux-uclibcgnueabi/4.7.3/crtend.o] ==> ignore
    arg [/opt/rp/cc/bin/../arm-buildroot-linux-uclibcgnueabi/sysroot/usr/lib/crtn.o] ==> ignore
  remove lib [gcc_s]
  remove lib [gcc]
  remove lib [gcc_s]
  remove lib [gcc]
  collapse dir [/opt/rp/cc/bin/../lib/gcc/arm-buildroot-linux-uclibcgnueabi/4.7.3] ==> [/opt/rp/cc/lib/gcc/arm-buildroot-linux-uclibcgnueabi/4.7.3]
  collapse dir [/opt/rp/cc/bin/../lib/gcc] ==> [/opt/rp/cc/lib/gcc]
  collapse dir [/opt/rp/cc/bin/../lib/gcc/arm-buildroot-linux-uclibcgnueabi/4.7.3/../../../../arm-buildroot-linux-uclibcgnueabi/lib] ==> [/opt/rp/cc/arm-buildroot-linux-uclibcgnueabi/lib]
  collapse dir [/opt/rp/cc/bin/../arm-buildroot-linux-uclibcgnueabi/sysroot/lib] ==> [/opt/rp/cc/arm-buildroot-linux-uclibcgnueabi/sysroot/lib]
  collapse dir [/opt/rp/cc/bin/../arm-buildroot-linux-uclibcgnueabi/sysroot/usr/lib] ==> [/opt/rp/cc/arm-buildroot-linux-uclibcgnueabi/sysroot/usr/lib]
  implicit libs: [stdc++;m;c]
  implicit dirs: [/opt/rp/cc/lib/gcc/arm-buildroot-linux-uclibcgnueabi/4.7.3;/opt/rp/cc/lib/gcc;/opt/rp/cc/arm-buildroot-linux-uclibcgnueabi/lib;/opt/rp/cc/arm-buildroot-linux-uclibcgnueabi/sysroot/lib;/opt/rp/cc/arm-buildroot-linux-uclibcgnueabi/sysroot/usr/lib]


